#
# There is insufficient memory for the Java Runtime Environment to continue.
# Native memory allocation (malloc) failed to allocate 190736 bytes for Chunk::new
# Possible reasons:
#   The system is out of physical RAM or swap space
#   The process is running with CompressedOops enabled, and the Java Heap may be blocking the growth of the native heap
# Possible solutions:
#   Reduce memory load on the system
#   Increase physical memory or swap space
#   Check if swap backing store is full
#   Decrease Java heap size (-Xmx/-Xms)
#   Decrease number of Java threads
#   Decrease Java thread stack sizes (-Xss)
#   Set larger code cache with -XX:ReservedCodeCacheSize=
#   JVM is running with Unscaled Compressed Oops mode in which the Java heap is
#     placed in the first 4GB address space. The Java Heap base address is the
#     maximum limit for the native heap growth. Please use -XX:HeapBaseMinAddress
#     to set the Java Heap base and to place the Java Heap above 4GB virtual address.
# This output file may be truncated or incomplete.
#
#  Out of Memory Error (arena.cpp:197), pid=9072, tid=24196
#
# JRE version: OpenJDK Runtime Environment Corretto-11.0.25.9.1 (11.0.25+9) (build 11.0.25+9-LTS)
# Java VM: OpenJDK 64-Bit Server VM Corretto-11.0.25.9.1 (11.0.25+9-LTS, mixed mode, tiered, compressed oops, g1 gc, windows-amd64)
# No core dump will be written. Minidumps are not enabled by default on client versions of Windows
#

---------------  S U M M A R Y ------------

Command Line: -Dawt.toolkit=sun.awt.windows.WToolkit -Dcucumber.filter.tags -Dfile.separator=\ -Didea.active=true -Didea.vendor.name=JetBrains -Didea.version=2024.2.4 -Djava.awt.graphicsenv=sun.awt.Win32GraphicsEnvironment -Djava.awt.printerjob=sun.awt.windows.WPrinterJob -Djava.class.version=55.0 -Djava.home=C:\Users\jslv3\.jdks\corretto-11.0.25 -Djava.library.path=C:\Users\jslv3\.jdks\corretto-11.0.25\bin;C:\windows\Sun\Java\bin;C:\windows\system32;C:\windows;C:\Program Files (x86)\Common Files\Oracle\Java\java8path;C:\Program Files (x86)\Common Files\Oracle\Java\javapath;C:\Gradle\gradle-8.11\bin;C:\Program Files\Eclipse Adoptium\jdk-21.0.5.11-hotspot\bin;C:\windows\system32;C:\windows;C:\windows\System32\Wbem;C:\windows\System32\WindowsPowerShell\v1.0\;C:\windows\System32\OpenSSH\;C:\Program Files (x86)\NVIDIA Corporation\PhysX\Common;C:\Program Files\NVIDIA Corporation\NVIDIA NvDLISR;C:\Program Files\Microsoft VS Code\bin;C:\Program Files\dotnet\;C:\Program Files\Git\cmd;C:\Users\jslv3\AppData\Local\Programs\Python\Python312\Scripts\;C:\Users\jslv3\AppData\Local\Programs\Python\Python312\;C:\Users\jslv3\AppData\Local\Programs\Python\Launcher\;C:\Users\jslv3\AppData\Local\Microsoft\WindowsApps;C:\Users\jslv3\AppData\Local\gitkraken\bin;C:\Gradle\gradle-8.11\bin;;. -Djava.runtime.name=OpenJDK Runtime Environment -Djava.runtime.version=11.0.25+9-LTS -Djava.specification.maintenance.version=3 -Djava.specification.name=Java Platform API Specification -Djava.specification.vendor=Oracle Corporation -Djava.specification.version=11 -Djava.vendor=Amazon.com Inc. -Djava.vendor.url=https://aws.amazon.com/corretto/ -Djava.vendor.url.bug=https://github.com/corretto/corretto-11/issues/ -Djava.vendor.version=Corretto-11.0.25.9.1 -Djava.version=11.0.25 -Djava.version.date=2024-10-15 -Djava.vm.compressedOopsMode=32-bit -Djava.vm.info=mixed mode -Djava.vm.name=OpenJDK 64-Bit Server VM -Djava.vm.specification.name=Java Virtual Machine Specification -Djava.vm.specification.vendor=Oracle Corporation -Djava.vm.specification.version=11 -Djava.vm.vendor=Amazon.com Inc. -Djava.vm.version=11.0.25+9-LTS -Djdk.debug=release -Dlibrary.jansi.path=C:\Gradle\gradle-8.11\bin\native\jansi\1.18\windows64 -Dline.separator=
 -Dorg.gradle.internal.worker.tmpdir=C:\Dafiti_Automation\build\tmp\test\work -Dos.arch=amd64 -Dos.name=Windows 11 -Dos.version=10.0 -Dpath.separator=; -Dproject.build.directory=C:\Dafiti_Automation -Dsun.arch.data.model=64 -Dsun.boot.library.path=C:\Users\jslv3\.jdks\corretto-11.0.25\bin -Dsun.cpu.endian=little -Dsun.cpu.isalist=amd64 -Dsun.desktop=windows -Dsun.io.unicode.encoding=UnicodeLittle -Dsun.jnu.encoding=Cp1252 -Dsun.management.compiler=HotSpot 64-Bit Tiered Compilers -Dsun.os.patch.level -Duser.dir=C:\Dafiti_Automation -Duser.home=C:\Users\jslv3 -Duser.name=jslv3 -Duser.script -Duser.timezone=America/Bogota -Xmx512m -Dfile.encoding=UTF-8 -Djava.io.tmpdir=C:\Users\jslv3\AppData\Local\Temp\ -Duser.country=CO -Duser.language=es -Duser.variant -ea worker.org.gradle.process.internal.worker.GradleWorkerMain 'Gradle Test Executor 9'

Host: AMD Ryzen 5 5600H with Radeon Graphics         , 12 cores, 7G,  Windows 11 , 64 bit Build 22621 (10.0.22621.4391)
Time: Thu Nov 28 15:52:10 2024 Hora est. Pacífico, Sudamérica elapsed time: 0.271084 seconds (0d 0h 0m 0s)

---------------  T H R E A D  ---------------

Current thread (0x00000283f57c2800):  JavaThread "C2 CompilerThread0" daemon [_thread_in_native, id=24196, stack(0x000000d0d5400000,0x000000d0d5500000)]


Current CompileTask:
C2:    271  324 %     4       java.io.WinNTFileSystem::normalize @ 58 (224 bytes)

Stack: [0x000000d0d5400000,0x000000d0d5500000]
Native frames: (J=compiled Java code, j=interpreted, Vv=VM code, C=native code)
V  [jvm.dll+0x64644a]
V  [jvm.dll+0x7daca9]
V  [jvm.dll+0x7dc3a9]
V  [jvm.dll+0x7dca93]
V  [jvm.dll+0x269da5]
V  [jvm.dll+0xc217c]
V  [jvm.dll+0xc272c]
V  [jvm.dll+0x2dc162]
V  [jvm.dll+0x55130b]
V  [jvm.dll+0x2215bb]
V  [jvm.dll+0x2239a5]
V  [jvm.dll+0x220cf4]
V  [jvm.dll+0x19ea01]
V  [jvm.dll+0x230cb9]
V  [jvm.dll+0x22ee2f]
V  [jvm.dll+0x79bed1]
V  [jvm.dll+0x794ba4]
V  [jvm.dll+0x645205]
C  [ucrtbase.dll+0x29333]
C  [KERNEL32.DLL+0x1259d]
C  [ntdll.dll+0x5af38]


---------------  P R O C E S S  ---------------

Threads class SMR info:
_java_thread_list=0x00000283f5a60b60, length=10, elements={
0x00000283d91ea000, 0x00000283f4e25000, 0x00000283f4e2e000, 0x00000283f4e3f000,
0x00000283f4e40800, 0x00000283f4e41800, 0x00000283f57c2800, 0x00000283f57ce000,
0x00000283f57d2000, 0x00000283f5a89000
}

Java Threads: ( => current thread )
  0x00000283d91ea000 JavaThread "main" [_thread_in_vm, id=14896, stack(0x000000d0d4800000,0x000000d0d4900000)]
  0x00000283f4e25000 JavaThread "Reference Handler" daemon [_thread_blocked, id=25124, stack(0x000000d0d4f00000,0x000000d0d5000000)]
  0x00000283f4e2e000 JavaThread "Finalizer" daemon [_thread_blocked, id=27688, stack(0x000000d0d5000000,0x000000d0d5100000)]
  0x00000283f4e3f000 JavaThread "Signal Dispatcher" daemon [_thread_blocked, id=23788, stack(0x000000d0d5100000,0x000000d0d5200000)]
  0x00000283f4e40800 JavaThread "Attach Listener" daemon [_thread_blocked, id=28448, stack(0x000000d0d5200000,0x000000d0d5300000)]
  0x00000283f4e41800 JavaThread "Service Thread" daemon [_thread_blocked, id=18632, stack(0x000000d0d5300000,0x000000d0d5400000)]
=>0x00000283f57c2800 JavaThread "C2 CompilerThread0" daemon [_thread_in_native, id=24196, stack(0x000000d0d5400000,0x000000d0d5500000)]
  0x00000283f57ce000 JavaThread "C1 CompilerThread0" daemon [_thread_blocked, id=24324, stack(0x000000d0d5500000,0x000000d0d5600000)]
  0x00000283f57d2000 JavaThread "Sweeper thread" daemon [_thread_blocked, id=2800, stack(0x000000d0d5600000,0x000000d0d5700000)]
  0x00000283f5a89000 JavaThread "Common-Cleaner" daemon [_thread_blocked, id=15532, stack(0x000000d0d5800000,0x000000d0d5900000)]

Other Threads:
  0x00000283f4dfe800 VMThread "VM Thread" [stack: 0x000000d0d4e00000,0x000000d0d4f00000] [id=16592]
  0x00000283f5a88000 WatcherThread [stack: 0x000000d0d5700000,0x000000d0d5800000] [id=17564]
  0x00000283d9202800 GCTaskThread "GC Thread#0" [stack: 0x000000d0d4900000,0x000000d0d4a00000] [id=22632]
  0x00000283d9214000 ConcurrentGCThread "G1 Main Marker" [stack: 0x000000d0d4a00000,0x000000d0d4b00000] [id=26908]
  0x00000283d9216800 ConcurrentGCThread "G1 Conc#0" [stack: 0x000000d0d4b00000,0x000000d0d4c00000] [id=3632]
  0x00000283f4c6c800 ConcurrentGCThread "G1 Refine#0" [stack: 0x000000d0d4c00000,0x000000d0d4d00000] [id=27996]
  0x00000283f4c6d800 ConcurrentGCThread "G1 Young RemSet Sampling" [stack: 0x000000d0d4d00000,0x000000d0d4e00000] [id=25060]

Threads with active compile tasks:
C2 CompilerThread0      285  324 %     4       java.io.WinNTFileSystem::normalize @ 58 (224 bytes)
C1 CompilerThread0      285  390       3       java.lang.String::toLowerCase (8 bytes)

VM state:not at safepoint (normal execution)

VM Mutex/Monitor currently owned by a thread: None

Heap address: 0x00000000e0000000, size: 512 MB, Compressed Oops mode: 32-bit
Narrow klass base: 0x0000000000000000, Narrow klass shift: 3
Compressed class space size: 1073741824 Address: 0x0000000100000000

Heap:
 garbage-first heap   total 120832K, used 3072K [0x00000000e0000000, 0x0000000100000000)
  region size 1024K, 5 young (5120K), 0 survivors (0K)
 Metaspace       used 7071K, capacity 7237K, committed 7424K, reserved 1056768K
  class space    used 627K, capacity 706K, committed 768K, reserved 1048576K
Heap Regions: E=young(eden), S=young(survivor), O=old, HS=humongous(starts), HC=humongous(continues), CS=collection set, F=free, A=archive, TAMS=top-at-mark-start (previous, next)
|   0|0x00000000e0000000, 0x00000000e0000000, 0x00000000e0100000|  0%| F|  |TAMS 0x00000000e0000000, 0x00000000e0000000| Untracked 
|   1|0x00000000e0100000, 0x00000000e0100000, 0x00000000e0200000|  0%| F|  |TAMS 0x00000000e0100000, 0x00000000e0100000| Untracked 
|   2|0x00000000e0200000, 0x00000000e0200000, 0x00000000e0300000|  0%| F|  |TAMS 0x00000000e0200000, 0x00000000e0200000| Untracked 
|   3|0x00000000e0300000, 0x00000000e0300000, 0x00000000e0400000|  0%| F|  |TAMS 0x00000000e0300000, 0x00000000e0300000| Untracked 
|   4|0x00000000e0400000, 0x00000000e0400000, 0x00000000e0500000|  0%| F|  |TAMS 0x00000000e0400000, 0x00000000e0400000| Untracked 
|   5|0x00000000e0500000, 0x00000000e0500000, 0x00000000e0600000|  0%| F|  |TAMS 0x00000000e0500000, 0x00000000e0500000| Untracked 
|   6|0x00000000e0600000, 0x00000000e0600000, 0x00000000e0700000|  0%| F|  |TAMS 0x00000000e0600000, 0x00000000e0600000| Untracked 
|   7|0x00000000e0700000, 0x00000000e0700000, 0x00000000e0800000|  0%| F|  |TAMS 0x00000000e0700000, 0x00000000e0700000| Untracked 
|   8|0x00000000e0800000, 0x00000000e0800000, 0x00000000e0900000|  0%| F|  |TAMS 0x00000000e0800000, 0x00000000e0800000| Untracked 
|   9|0x00000000e0900000, 0x00000000e0900000, 0x00000000e0a00000|  0%| F|  |TAMS 0x00000000e0900000, 0x00000000e0900000| Untracked 
|  10|0x00000000e0a00000, 0x00000000e0a00000, 0x00000000e0b00000|  0%| F|  |TAMS 0x00000000e0a00000, 0x00000000e0a00000| Untracked 
|  11|0x00000000e0b00000, 0x00000000e0b00000, 0x00000000e0c00000|  0%| F|  |TAMS 0x00000000e0b00000, 0x00000000e0b00000| Untracked 
|  12|0x00000000e0c00000, 0x00000000e0c00000, 0x00000000e0d00000|  0%| F|  |TAMS 0x00000000e0c00000, 0x00000000e0c00000| Untracked 
|  13|0x00000000e0d00000, 0x00000000e0d00000, 0x00000000e0e00000|  0%| F|  |TAMS 0x00000000e0d00000, 0x00000000e0d00000| Untracked 
|  14|0x00000000e0e00000, 0x00000000e0e00000, 0x00000000e0f00000|  0%| F|  |TAMS 0x00000000e0e00000, 0x00000000e0e00000| Untracked 
|  15|0x00000000e0f00000, 0x00000000e0f00000, 0x00000000e1000000|  0%| F|  |TAMS 0x00000000e0f00000, 0x00000000e0f00000| Untracked 
|  16|0x00000000e1000000, 0x00000000e1000000, 0x00000000e1100000|  0%| F|  |TAMS 0x00000000e1000000, 0x00000000e1000000| Untracked 
|  17|0x00000000e1100000, 0x00000000e1100000, 0x00000000e1200000|  0%| F|  |TAMS 0x00000000e1100000, 0x00000000e1100000| Untracked 
|  18|0x00000000e1200000, 0x00000000e1200000, 0x00000000e1300000|  0%| F|  |TAMS 0x00000000e1200000, 0x00000000e1200000| Untracked 
|  19|0x00000000e1300000, 0x00000000e1300000, 0x00000000e1400000|  0%| F|  |TAMS 0x00000000e1300000, 0x00000000e1300000| Untracked 
|  20|0x00000000e1400000, 0x00000000e1400000, 0x00000000e1500000|  0%| F|  |TAMS 0x00000000e1400000, 0x00000000e1400000| Untracked 
|  21|0x00000000e1500000, 0x00000000e1500000, 0x00000000e1600000|  0%| F|  |TAMS 0x00000000e1500000, 0x00000000e1500000| Untracked 
|  22|0x00000000e1600000, 0x00000000e1600000, 0x00000000e1700000|  0%| F|  |TAMS 0x00000000e1600000, 0x00000000e1600000| Untracked 
|  23|0x00000000e1700000, 0x00000000e1700000, 0x00000000e1800000|  0%| F|  |TAMS 0x00000000e1700000, 0x00000000e1700000| Untracked 
|  24|0x00000000e1800000, 0x00000000e1800000, 0x00000000e1900000|  0%| F|  |TAMS 0x00000000e1800000, 0x00000000e1800000| Untracked 
|  25|0x00000000e1900000, 0x00000000e1900000, 0x00000000e1a00000|  0%| F|  |TAMS 0x00000000e1900000, 0x00000000e1900000| Untracked 
|  26|0x00000000e1a00000, 0x00000000e1a00000, 0x00000000e1b00000|  0%| F|  |TAMS 0x00000000e1a00000, 0x00000000e1a00000| Untracked 
|  27|0x00000000e1b00000, 0x00000000e1b00000, 0x00000000e1c00000|  0%| F|  |TAMS 0x00000000e1b00000, 0x00000000e1b00000| Untracked 
|  28|0x00000000e1c00000, 0x00000000e1c00000, 0x00000000e1d00000|  0%| F|  |TAMS 0x00000000e1c00000, 0x00000000e1c00000| Untracked 
|  29|0x00000000e1d00000, 0x00000000e1d00000, 0x00000000e1e00000|  0%| F|  |TAMS 0x00000000e1d00000, 0x00000000e1d00000| Untracked 
|  30|0x00000000e1e00000, 0x00000000e1e00000, 0x00000000e1f00000|  0%| F|  |TAMS 0x00000000e1e00000, 0x00000000e1e00000| Untracked 
|  31|0x00000000e1f00000, 0x00000000e1f00000, 0x00000000e2000000|  0%| F|  |TAMS 0x00000000e1f00000, 0x00000000e1f00000| Untracked 
|  32|0x00000000e2000000, 0x00000000e2000000, 0x00000000e2100000|  0%| F|  |TAMS 0x00000000e2000000, 0x00000000e2000000| Untracked 
|  33|0x00000000e2100000, 0x00000000e2100000, 0x00000000e2200000|  0%| F|  |TAMS 0x00000000e2100000, 0x00000000e2100000| Untracked 
|  34|0x00000000e2200000, 0x00000000e2200000, 0x00000000e2300000|  0%| F|  |TAMS 0x00000000e2200000, 0x00000000e2200000| Untracked 
|  35|0x00000000e2300000, 0x00000000e2300000, 0x00000000e2400000|  0%| F|  |TAMS 0x00000000e2300000, 0x00000000e2300000| Untracked 
|  36|0x00000000e2400000, 0x00000000e2400000, 0x00000000e2500000|  0%| F|  |TAMS 0x00000000e2400000, 0x00000000e2400000| Untracked 
|  37|0x00000000e2500000, 0x00000000e2500000, 0x00000000e2600000|  0%| F|  |TAMS 0x00000000e2500000, 0x00000000e2500000| Untracked 
|  38|0x00000000e2600000, 0x00000000e2600000, 0x00000000e2700000|  0%| F|  |TAMS 0x00000000e2600000, 0x00000000e2600000| Untracked 
|  39|0x00000000e2700000, 0x00000000e2700000, 0x00000000e2800000|  0%| F|  |TAMS 0x00000000e2700000, 0x00000000e2700000| Untracked 
|  40|0x00000000e2800000, 0x00000000e2800000, 0x00000000e2900000|  0%| F|  |TAMS 0x00000000e2800000, 0x00000000e2800000| Untracked 
|  41|0x00000000e2900000, 0x00000000e2900000, 0x00000000e2a00000|  0%| F|  |TAMS 0x00000000e2900000, 0x00000000e2900000| Untracked 
|  42|0x00000000e2a00000, 0x00000000e2a00000, 0x00000000e2b00000|  0%| F|  |TAMS 0x00000000e2a00000, 0x00000000e2a00000| Untracked 
|  43|0x00000000e2b00000, 0x00000000e2b00000, 0x00000000e2c00000|  0%| F|  |TAMS 0x00000000e2b00000, 0x00000000e2b00000| Untracked 
|  44|0x00000000e2c00000, 0x00000000e2c00000, 0x00000000e2d00000|  0%| F|  |TAMS 0x00000000e2c00000, 0x00000000e2c00000| Untracked 
|  45|0x00000000e2d00000, 0x00000000e2d00000, 0x00000000e2e00000|  0%| F|  |TAMS 0x00000000e2d00000, 0x00000000e2d00000| Untracked 
|  46|0x00000000e2e00000, 0x00000000e2e00000, 0x00000000e2f00000|  0%| F|  |TAMS 0x00000000e2e00000, 0x00000000e2e00000| Untracked 
|  47|0x00000000e2f00000, 0x00000000e2f00000, 0x00000000e3000000|  0%| F|  |TAMS 0x00000000e2f00000, 0x00000000e2f00000| Untracked 
|  48|0x00000000e3000000, 0x00000000e3000000, 0x00000000e3100000|  0%| F|  |TAMS 0x00000000e3000000, 0x00000000e3000000| Untracked 
|  49|0x00000000e3100000, 0x00000000e3100000, 0x00000000e3200000|  0%| F|  |TAMS 0x00000000e3100000, 0x00000000e3100000| Untracked 
|  50|0x00000000e3200000, 0x00000000e3200000, 0x00000000e3300000|  0%| F|  |TAMS 0x00000000e3200000, 0x00000000e3200000| Untracked 
|  51|0x00000000e3300000, 0x00000000e3300000, 0x00000000e3400000|  0%| F|  |TAMS 0x00000000e3300000, 0x00000000e3300000| Untracked 
|  52|0x00000000e3400000, 0x00000000e3400000, 0x00000000e3500000|  0%| F|  |TAMS 0x00000000e3400000, 0x00000000e3400000| Untracked 
|  53|0x00000000e3500000, 0x00000000e3500000, 0x00000000e3600000|  0%| F|  |TAMS 0x00000000e3500000, 0x00000000e3500000| Untracked 
|  54|0x00000000e3600000, 0x00000000e3600000, 0x00000000e3700000|  0%| F|  |TAMS 0x00000000e3600000, 0x00000000e3600000| Untracked 
|  55|0x00000000e3700000, 0x00000000e3700000, 0x00000000e3800000|  0%| F|  |TAMS 0x00000000e3700000, 0x00000000e3700000| Untracked 
|  56|0x00000000e3800000, 0x00000000e3800000, 0x00000000e3900000|  0%| F|  |TAMS 0x00000000e3800000, 0x00000000e3800000| Untracked 
|  57|0x00000000e3900000, 0x00000000e3900000, 0x00000000e3a00000|  0%| F|  |TAMS 0x00000000e3900000, 0x00000000e3900000| Untracked 
|  58|0x00000000e3a00000, 0x00000000e3a00000, 0x00000000e3b00000|  0%| F|  |TAMS 0x00000000e3a00000, 0x00000000e3a00000| Untracked 
|  59|0x00000000e3b00000, 0x00000000e3b00000, 0x00000000e3c00000|  0%| F|  |TAMS 0x00000000e3b00000, 0x00000000e3b00000| Untracked 
|  60|0x00000000e3c00000, 0x00000000e3c00000, 0x00000000e3d00000|  0%| F|  |TAMS 0x00000000e3c00000, 0x00000000e3c00000| Untracked 
|  61|0x00000000e3d00000, 0x00000000e3d00000, 0x00000000e3e00000|  0%| F|  |TAMS 0x00000000e3d00000, 0x00000000e3d00000| Untracked 
|  62|0x00000000e3e00000, 0x00000000e3e00000, 0x00000000e3f00000|  0%| F|  |TAMS 0x00000000e3e00000, 0x00000000e3e00000| Untracked 
|  63|0x00000000e3f00000, 0x00000000e3f00000, 0x00000000e4000000|  0%| F|  |TAMS 0x00000000e3f00000, 0x00000000e3f00000| Untracked 
|  64|0x00000000e4000000, 0x00000000e4000000, 0x00000000e4100000|  0%| F|  |TAMS 0x00000000e4000000, 0x00000000e4000000| Untracked 
|  65|0x00000000e4100000, 0x00000000e4100000, 0x00000000e4200000|  0%| F|  |TAMS 0x00000000e4100000, 0x00000000e4100000| Untracked 
|  66|0x00000000e4200000, 0x00000000e4200000, 0x00000000e4300000|  0%| F|  |TAMS 0x00000000e4200000, 0x00000000e4200000| Untracked 
|  67|0x00000000e4300000, 0x00000000e4300000, 0x00000000e4400000|  0%| F|  |TAMS 0x00000000e4300000, 0x00000000e4300000| Untracked 
|  68|0x00000000e4400000, 0x00000000e4400000, 0x00000000e4500000|  0%| F|  |TAMS 0x00000000e4400000, 0x00000000e4400000| Untracked 
|  69|0x00000000e4500000, 0x00000000e4500000, 0x00000000e4600000|  0%| F|  |TAMS 0x00000000e4500000, 0x00000000e4500000| Untracked 
|  70|0x00000000e4600000, 0x00000000e4600000, 0x00000000e4700000|  0%| F|  |TAMS 0x00000000e4600000, 0x00000000e4600000| Untracked 
|  71|0x00000000e4700000, 0x00000000e4700000, 0x00000000e4800000|  0%| F|  |TAMS 0x00000000e4700000, 0x00000000e4700000| Untracked 
|  72|0x00000000e4800000, 0x00000000e4800000, 0x00000000e4900000|  0%| F|  |TAMS 0x00000000e4800000, 0x00000000e4800000| Untracked 
|  73|0x00000000e4900000, 0x00000000e4900000, 0x00000000e4a00000|  0%| F|  |TAMS 0x00000000e4900000, 0x00000000e4900000| Untracked 
|  74|0x00000000e4a00000, 0x00000000e4a00000, 0x00000000e4b00000|  0%| F|  |TAMS 0x00000000e4a00000, 0x00000000e4a00000| Untracked 
|  75|0x00000000e4b00000, 0x00000000e4b00000, 0x00000000e4c00000|  0%| F|  |TAMS 0x00000000e4b00000, 0x00000000e4b00000| Untracked 
|  76|0x00000000e4c00000, 0x00000000e4c00000, 0x00000000e4d00000|  0%| F|  |TAMS 0x00000000e4c00000, 0x00000000e4c00000| Untracked 
|  77|0x00000000e4d00000, 0x00000000e4d00000, 0x00000000e4e00000|  0%| F|  |TAMS 0x00000000e4d00000, 0x00000000e4d00000| Untracked 
|  78|0x00000000e4e00000, 0x00000000e4e00000, 0x00000000e4f00000|  0%| F|  |TAMS 0x00000000e4e00000, 0x00000000e4e00000| Untracked 
|  79|0x00000000e4f00000, 0x00000000e4f00000, 0x00000000e5000000|  0%| F|  |TAMS 0x00000000e4f00000, 0x00000000e4f00000| Untracked 
|  80|0x00000000e5000000, 0x00000000e5000000, 0x00000000e5100000|  0%| F|  |TAMS 0x00000000e5000000, 0x00000000e5000000| Untracked 
|  81|0x00000000e5100000, 0x00000000e5100000, 0x00000000e5200000|  0%| F|  |TAMS 0x00000000e5100000, 0x00000000e5100000| Untracked 
|  82|0x00000000e5200000, 0x00000000e5200000, 0x00000000e5300000|  0%| F|  |TAMS 0x00000000e5200000, 0x00000000e5200000| Untracked 
|  83|0x00000000e5300000, 0x00000000e5300000, 0x00000000e5400000|  0%| F|  |TAMS 0x00000000e5300000, 0x00000000e5300000| Untracked 
|  84|0x00000000e5400000, 0x00000000e5400000, 0x00000000e5500000|  0%| F|  |TAMS 0x00000000e5400000, 0x00000000e5400000| Untracked 
|  85|0x00000000e5500000, 0x00000000e5500000, 0x00000000e5600000|  0%| F|  |TAMS 0x00000000e5500000, 0x00000000e5500000| Untracked 
|  86|0x00000000e5600000, 0x00000000e5600000, 0x00000000e5700000|  0%| F|  |TAMS 0x00000000e5600000, 0x00000000e5600000| Untracked 
|  87|0x00000000e5700000, 0x00000000e5700000, 0x00000000e5800000|  0%| F|  |TAMS 0x00000000e5700000, 0x00000000e5700000| Untracked 
|  88|0x00000000e5800000, 0x00000000e5800000, 0x00000000e5900000|  0%| F|  |TAMS 0x00000000e5800000, 0x00000000e5800000| Untracked 
|  89|0x00000000e5900000, 0x00000000e5900000, 0x00000000e5a00000|  0%| F|  |TAMS 0x00000000e5900000, 0x00000000e5900000| Untracked 
|  90|0x00000000e5a00000, 0x00000000e5a00000, 0x00000000e5b00000|  0%| F|  |TAMS 0x00000000e5a00000, 0x00000000e5a00000| Untracked 
|  91|0x00000000e5b00000, 0x00000000e5b00000, 0x00000000e5c00000|  0%| F|  |TAMS 0x00000000e5b00000, 0x00000000e5b00000| Untracked 
|  92|0x00000000e5c00000, 0x00000000e5c00000, 0x00000000e5d00000|  0%| F|  |TAMS 0x00000000e5c00000, 0x00000000e5c00000| Untracked 
|  93|0x00000000e5d00000, 0x00000000e5d00000, 0x00000000e5e00000|  0%| F|  |TAMS 0x00000000e5d00000, 0x00000000e5d00000| Untracked 
|  94|0x00000000e5e00000, 0x00000000e5e00000, 0x00000000e5f00000|  0%| F|  |TAMS 0x00000000e5e00000, 0x00000000e5e00000| Untracked 
|  95|0x00000000e5f00000, 0x00000000e5f00000, 0x00000000e6000000|  0%| F|  |TAMS 0x00000000e5f00000, 0x00000000e5f00000| Untracked 
|  96|0x00000000e6000000, 0x00000000e6000000, 0x00000000e6100000|  0%| F|  |TAMS 0x00000000e6000000, 0x00000000e6000000| Untracked 
|  97|0x00000000e6100000, 0x00000000e6100000, 0x00000000e6200000|  0%| F|  |TAMS 0x00000000e6100000, 0x00000000e6100000| Untracked 
|  98|0x00000000e6200000, 0x00000000e6200000, 0x00000000e6300000|  0%| F|  |TAMS 0x00000000e6200000, 0x00000000e6200000| Untracked 
|  99|0x00000000e6300000, 0x00000000e6300000, 0x00000000e6400000|  0%| F|  |TAMS 0x00000000e6300000, 0x00000000e6300000| Untracked 
| 100|0x00000000e6400000, 0x00000000e6400000, 0x00000000e6500000|  0%| F|  |TAMS 0x00000000e6400000, 0x00000000e6400000| Untracked 
| 101|0x00000000e6500000, 0x00000000e6500000, 0x00000000e6600000|  0%| F|  |TAMS 0x00000000e6500000, 0x00000000e6500000| Untracked 
| 102|0x00000000e6600000, 0x00000000e6600000, 0x00000000e6700000|  0%| F|  |TAMS 0x00000000e6600000, 0x00000000e6600000| Untracked 
| 103|0x00000000e6700000, 0x00000000e6700000, 0x00000000e6800000|  0%| F|  |TAMS 0x00000000e6700000, 0x00000000e6700000| Untracked 
| 104|0x00000000e6800000, 0x00000000e6800000, 0x00000000e6900000|  0%| F|  |TAMS 0x00000000e6800000, 0x00000000e6800000| Untracked 
| 105|0x00000000e6900000, 0x00000000e6900000, 0x00000000e6a00000|  0%| F|  |TAMS 0x00000000e6900000, 0x00000000e6900000| Untracked 
| 106|0x00000000e6a00000, 0x00000000e6a00000, 0x00000000e6b00000|  0%| F|  |TAMS 0x00000000e6a00000, 0x00000000e6a00000| Untracked 
| 107|0x00000000e6b00000, 0x00000000e6b00000, 0x00000000e6c00000|  0%| F|  |TAMS 0x00000000e6b00000, 0x00000000e6b00000| Untracked 
| 108|0x00000000e6c00000, 0x00000000e6c00000, 0x00000000e6d00000|  0%| F|  |TAMS 0x00000000e6c00000, 0x00000000e6c00000| Untracked 
| 109|0x00000000e6d00000, 0x00000000e6d00000, 0x00000000e6e00000|  0%| F|  |TAMS 0x00000000e6d00000, 0x00000000e6d00000| Untracked 
| 110|0x00000000e6e00000, 0x00000000e6e00000, 0x00000000e6f00000|  0%| F|  |TAMS 0x00000000e6e00000, 0x00000000e6e00000| Untracked 
| 111|0x00000000e6f00000, 0x00000000e6f00000, 0x00000000e7000000|  0%| F|  |TAMS 0x00000000e6f00000, 0x00000000e6f00000| Untracked 
| 112|0x00000000e7000000, 0x00000000e7000000, 0x00000000e7100000|  0%| F|  |TAMS 0x00000000e7000000, 0x00000000e7000000| Untracked 
| 113|0x00000000e7100000, 0x00000000e71f7cd0, 0x00000000e7200000| 96%| E|  |TAMS 0x00000000e7100000, 0x00000000e7100000| Complete 
| 114|0x00000000e7200000, 0x00000000e7300000, 0x00000000e7300000|100%| E|CS|TAMS 0x00000000e7200000, 0x00000000e7200000| Complete 
| 115|0x00000000e7300000, 0x00000000e7400000, 0x00000000e7400000|100%| E|  |TAMS 0x00000000e7300000, 0x00000000e7300000| Complete 
| 116|0x00000000e7400000, 0x00000000e7500000, 0x00000000e7500000|100%| E|CS|TAMS 0x00000000e7400000, 0x00000000e7400000| Complete 
| 117|0x00000000e7500000, 0x00000000e7600000, 0x00000000e7600000|100%| E|CS|TAMS 0x00000000e7500000, 0x00000000e7500000| Complete 

Card table byte_map: [0x00000283f0fb0000,0x00000283f10b0000] _byte_map_base: 0x00000283f08b0000

Marking Bits (Prev, Next): (CMBitMap*) 0x00000283d92114a8, (CMBitMap*) 0x00000283d92114e0
 Prev Bits: [0x00000283f11b0000, 0x00000283f19b0000)
 Next Bits: [0x00000283f19b0000, 0x00000283f21b0000)

Polling page: 0x00000283d8990000

Metaspace:

Usage:
  Non-class:      6.38 MB capacity,     6.32 MB (>99%) used,    59.52 KB ( <1%) free+waste,     4.31 KB ( <1%) overhead. 
      Class:    706.00 KB capacity,   633.09 KB ( 90%) used,    70.91 KB ( 10%) free+waste,     2.00 KB ( <1%) overhead. 
       Both:      7.07 MB capacity,     6.93 MB ( 98%) used,   130.43 KB (  2%) free+waste,     6.31 KB ( <1%) overhead. 

Virtual space:
  Non-class space:        8.00 MB reserved,       6.50 MB ( 81%) committed 
      Class space:        1.00 GB reserved,     768.00 KB ( <1%) committed 
             Both:        1.01 GB reserved,       7.25 MB ( <1%) committed 

Chunk freelists:
   Non-Class:  61.00 KB
       Class:  30.00 KB
        Both:  91.00 KB

MaxMetaspaceSize: 17179869184.00 GB
CompressedClassSpaceSize: 1.00 GB
Initial GC threshold: 20.80 MB
Current GC threshold: 20.80 MB
CDS: off

CodeHeap 'non-profiled nmethods': size=120000Kb used=107Kb max_used=107Kb free=119892Kb
 bounds [0x00000283e9430000, 0x00000283e96a0000, 0x00000283f0960000]
CodeHeap 'profiled nmethods': size=120000Kb used=588Kb max_used=588Kb free=119411Kb
 bounds [0x00000283e1f00000, 0x00000283e2170000, 0x00000283e9430000]
CodeHeap 'non-nmethods': size=5760Kb used=1097Kb max_used=1108Kb free=4662Kb
 bounds [0x00000283e1960000, 0x00000283e1bd0000, 0x00000283e1f00000]
 total_blobs=737 nmethods=396 adapters=254
 compilation: enabled
              stopped_count=0, restarted_count=0
 full_count=0

Compilation events (20 events):
Event: 0.266 Thread 0x00000283f57ce000 nmethod 321 0x00000283e1f7aa90 code [0x00000283e1f7ac60, 0x00000283e1f7ae58]
Event: 0.266 Thread 0x00000283f57ce000  322       3       java.lang.CharacterDataLatin1::toUpperCaseEx (71 bytes)
Event: 0.266 Thread 0x00000283f57c2800  324 %     4       java.io.WinNTFileSystem::normalize @ 58 (224 bytes)
Event: 0.266 Thread 0x00000283f57ce000 nmethod 322 0x00000283e1f7af10 code [0x00000283e1f7b0e0, 0x00000283e1f7b398]
Event: 0.266 Thread 0x00000283f57ce000  323       3       java.io.RandomAccessFile::seek (22 bytes)
Event: 0.266 Thread 0x00000283f57ce000 nmethod 323 0x00000283e1f7b510 code [0x00000283e1f7b6e0, 0x00000283e1f7b918]
Event: 0.267 Thread 0x00000283f57ce000  325       3       java.lang.StringCoding::encodeUTF8 (131 bytes)
Event: 0.267 Thread 0x00000283f57ce000 nmethod 325 0x00000283e1f7ba10 code [0x00000283e1f7bc60, 0x00000283e1f7c638]
Event: 0.267 Thread 0x00000283f57ce000  327       3       java.lang.StringLatin1::regionMatchesCI (92 bytes)
Event: 0.267 Thread 0x00000283f57ce000 nmethod 327 0x00000283e1f7ca10 code [0x00000283e1f7cca0, 0x00000283e1f7d798]
Event: 0.268 Thread 0x00000283f57ce000  328   !   3       java.util.jar.JarFile::isMultiRelease (33 bytes)
Event: 0.268 Thread 0x00000283f57ce000 nmethod 328 0x00000283e1f7dc90 code [0x00000283e1f7de60, 0x00000283e1f7e048]
Event: 0.268 Thread 0x00000283f57ce000  329   !   3       java.util.zip.ZipFile::getEntry (73 bytes)
Event: 0.268 Thread 0x00000283f57ce000 nmethod 329 0x00000283e1f7e110 code [0x00000283e1f7e320, 0x00000283e1f7e968]
Event: 0.268 Thread 0x00000283f57ce000  331   !   3       jdk.internal.loader.URLClassPath$JarLoader::ensureOpen (36 bytes)
Event: 0.268 Thread 0x00000283f57ce000 nmethod 331 0x00000283e1f7ec90 code [0x00000283e1f7ee80, 0x00000283e1f7f298]
Event: 0.268 Thread 0x00000283f57ce000  326       3       java.lang.String::regionMatches (150 bytes)
Event: 0.269 Thread 0x00000283f57ce000 nmethod 326 0x00000283e1f7f410 code [0x00000283e1f7f680, 0x00000283e1f80048]
Event: 0.269 Thread 0x00000283f57ce000  330       1       java.security.CodeSource::getLocationNoFragString (5 bytes)
Event: 0.269 Thread 0x00000283f57ce000 nmethod 330 0x00000283e9446090 code [0x00000283e9446240, 0x00000283e94462f8]

GC Heap History (0 events):
No events

Deoptimization events (20 events):
Event: 0.190 Thread 0x00000283d91ea000 DEOPT PACKING pc=0x00000283e94316f8 sp=0x000000d0d48fe5d0
Event: 0.190 Thread 0x00000283d91ea000 DEOPT UNPACKING pc=0x00000283e19aa1af sp=0x000000d0d48fe560 mode 2
Event: 0.191 Thread 0x00000283d91ea000 Uncommon trap: trap_request=0xffffff4d fr.pc=0x00000283e9431390 relative=0x0000000000000070
Event: 0.191 Thread 0x00000283d91ea000 Uncommon trap: reason=unstable_if action=reinterpret pc=0x00000283e9431390 method=java.lang.String.isLatin1()Z @ 10 c2
Event: 0.191 Thread 0x00000283d91ea000 DEOPT PACKING pc=0x00000283e9431390 sp=0x000000d0d48fecb0
Event: 0.191 Thread 0x00000283d91ea000 DEOPT UNPACKING pc=0x00000283e19aa1af sp=0x000000d0d48febf0 mode 2
Event: 0.192 Thread 0x00000283d91ea000 Uncommon trap: trap_request=0xffffff4d fr.pc=0x00000283e9437e18 relative=0x0000000000000178
Event: 0.192 Thread 0x00000283d91ea000 Uncommon trap: reason=unstable_if action=reinterpret pc=0x00000283e9437e18 method=java.lang.String.hashCode()I @ 14 c2
Event: 0.192 Thread 0x00000283d91ea000 DEOPT PACKING pc=0x00000283e9437e18 sp=0x000000d0d48fd4a0
Event: 0.192 Thread 0x00000283d91ea000 DEOPT UNPACKING pc=0x00000283e19aa1af sp=0x000000d0d48fd438 mode 2
Event: 0.193 Thread 0x00000283d91ea000 Uncommon trap: trap_request=0xffffff4d fr.pc=0x00000283e9433ab0 relative=0x0000000000000190
Event: 0.193 Thread 0x00000283d91ea000 Uncommon trap: reason=unstable_if action=reinterpret pc=0x00000283e9433ab0 method=java.lang.StringLatin1.indexOf([BII)I @ 47 c2
Event: 0.193 Thread 0x00000283d91ea000 DEOPT PACKING pc=0x00000283e9433ab0 sp=0x000000d0d48fa3b0
Event: 0.193 Thread 0x00000283d91ea000 DEOPT UNPACKING pc=0x00000283e19aa1af sp=0x000000d0d48fa328 mode 2
Event: 0.209 Thread 0x00000283d91ea000 DEOPT PACKING pc=0x00000283e1f47a19 sp=0x000000d0d48fedc0
Event: 0.209 Thread 0x00000283d91ea000 DEOPT UNPACKING pc=0x00000283e19aa95e sp=0x000000d0d48fe248 mode 0
Event: 0.213 Thread 0x00000283d91ea000 DEOPT PACKING pc=0x00000283e1f47a19 sp=0x000000d0d48fd380
Event: 0.213 Thread 0x00000283d91ea000 DEOPT UNPACKING pc=0x00000283e19aa95e sp=0x000000d0d48fc808 mode 0
Event: 0.243 Thread 0x00000283d91ea000 DEOPT PACKING pc=0x00000283e1f47a19 sp=0x000000d0d48f7020
Event: 0.243 Thread 0x00000283d91ea000 DEOPT UNPACKING pc=0x00000283e19aa95e sp=0x000000d0d48f64a8 mode 0

Classes redefined (0 events):
No events

Internal exceptions (0 events):
No events

Events (20 events):
Event: 0.267 loading class org/gradle/internal/time/Clock
Event: 0.267 loading class org/gradle/internal/time/Clock done
Event: 0.267 loading class org/gradle/internal/time/CountdownTimer
Event: 0.267 loading class org/gradle/internal/time/CountdownTimer done
Event: 0.267 loading class org/gradle/internal/time/Timer
Event: 0.267 loading class org/gradle/internal/time/Timer done
Event: 0.267 loading class org/gradle/internal/time/MonotonicClock
Event: 0.267 loading class org/gradle/internal/time/MonotonicClock done
Event: 0.268 loading class org/gradle/internal/time/TimeSource
Event: 0.268 loading class org/gradle/internal/time/TimeSource done
Event: 0.268 loading class org/gradle/internal/time/TimeSource$1
Event: 0.268 loading class org/gradle/internal/time/TimeSource$1 done
Event: 0.268 loading class java/util/concurrent/atomic/AtomicReference
Event: 0.268 loading class java/util/concurrent/atomic/AtomicReference done
Event: 0.268 loading class org/gradle/internal/logging/slf4j/OutputEventListenerBackedLoggerContext$NoOpLogger
Event: 0.268 loading class org/gradle/internal/logging/slf4j/OutputEventListenerBackedLoggerContext$NoOpLogger done
Event: 0.269 loading class org/gradle/api/logging/Logger
Event: 0.269 loading class org/gradle/api/logging/Logger done
Event: 0.269 loading class org/gradle/internal/logging/console/DefaultUserInputReceiver
Event: 0.269 loading class org/gradle/internal/logging/console/DefaultUserInputReceiver done


Dynamic libraries:
0x00007ff7f4000000 - 0x00007ff7f400e000 	C:\Users\jslv3\.jdks\corretto-11.0.25\bin\java.exe
0x00007ffc1c850000 - 0x00007ffc1ca67000 	C:\windows\SYSTEM32\ntdll.dll
0x00007ffc1b890000 - 0x00007ffc1b954000 	C:\windows\System32\KERNEL32.DLL
0x00007ffc19fa0000 - 0x00007ffc1a359000 	C:\windows\System32\KERNELBASE.dll
0x00007ffc19e50000 - 0x00007ffc19f61000 	C:\windows\System32\ucrtbase.dll
0x00007ffc153e0000 - 0x00007ffc153fb000 	C:\Users\jslv3\.jdks\corretto-11.0.25\bin\VCRUNTIME140.dll
0x00007ffbfea60000 - 0x00007ffbfea77000 	C:\Users\jslv3\.jdks\corretto-11.0.25\bin\jli.dll
0x00007ffc1a570000 - 0x00007ffc1a71e000 	C:\windows\System32\USER32.dll
0x00007ffc07d40000 - 0x00007ffc07fd2000 	C:\windows\WinSxS\amd64_microsoft.windows.common-controls_6595b64144ccf1df_6.0.22621.4391_none_2715d37f73803e96\COMCTL32.dll
0x00007ffc1a540000 - 0x00007ffc1a566000 	C:\windows\System32\win32u.dll
0x00007ffc1b2b0000 - 0x00007ffc1b357000 	C:\windows\System32\msvcrt.dll
0x00007ffc1c160000 - 0x00007ffc1c189000 	C:\windows\System32\GDI32.dll
0x00007ffc19d30000 - 0x00007ffc19e4b000 	C:\windows\System32\gdi32full.dll
0x00007ffc19b50000 - 0x00007ffc19bea000 	C:\windows\System32\msvcp_win.dll
0x00007ffc1b210000 - 0x00007ffc1b241000 	C:\windows\System32\IMM32.DLL
0x00007ffc16400000 - 0x00007ffc1640c000 	C:\Users\jslv3\.jdks\corretto-11.0.25\bin\vcruntime140_1.dll
0x00007ffbbe710000 - 0x00007ffbbe79d000 	C:\Users\jslv3\.jdks\corretto-11.0.25\bin\msvcp140.dll
0x00007ffb7f220000 - 0x00007ffb7fde5000 	C:\Users\jslv3\.jdks\corretto-11.0.25\bin\server\jvm.dll
0x00007ffc1b0c0000 - 0x00007ffc1b172000 	C:\windows\System32\ADVAPI32.dll
0x00007ffc1b3b0000 - 0x00007ffc1b457000 	C:\windows\System32\sechost.dll
0x00007ffc19f70000 - 0x00007ffc19f98000 	C:\windows\System32\bcrypt.dll
0x00007ffc1afa0000 - 0x00007ffc1b0b4000 	C:\windows\System32\RPCRT4.dll
0x00007ffc1c630000 - 0x00007ffc1c6a1000 	C:\windows\System32\WS2_32.dll
0x00007ffc1c190000 - 0x00007ffc1c198000 	C:\windows\System32\PSAPI.DLL
0x00007ffc145a0000 - 0x00007ffc145aa000 	C:\windows\SYSTEM32\VERSION.dll
0x00007ffc15370000 - 0x00007ffc153a4000 	C:\windows\SYSTEM32\WINMM.dll
0x00007ffc18b00000 - 0x00007ffc18b18000 	C:\windows\SYSTEM32\kernel.appcore.dll
0x00007ffc154d0000 - 0x00007ffc154e0000 	C:\Users\jslv3\.jdks\corretto-11.0.25\bin\verify.dll
0x00007ffc11960000 - 0x00007ffc11b92000 	C:\windows\SYSTEM32\DBGHELP.DLL
0x00007ffc1bb10000 - 0x00007ffc1be9f000 	C:\windows\System32\combase.dll
0x00007ffc1ba10000 - 0x00007ffc1bae7000 	C:\windows\System32\OLEAUT32.dll
0x00007ffc0d910000 - 0x00007ffc0d942000 	C:\windows\SYSTEM32\dbgcore.DLL
0x00007ffc19bf0000 - 0x00007ffc19c6b000 	C:\windows\System32\bcryptPrimitives.dll
0x00007ffbfe9e0000 - 0x00007ffbfea08000 	C:\Users\jslv3\.jdks\corretto-11.0.25\bin\java.dll
0x00007ffc15480000 - 0x00007ffc1548a000 	C:\Users\jslv3\.jdks\corretto-11.0.25\bin\jimage.dll
0x00007ffbfe970000 - 0x00007ffbfe988000 	C:\Users\jslv3\.jdks\corretto-11.0.25\bin\zip.dll
0x00007ffc1a720000 - 0x00007ffc1af96000 	C:\windows\System32\SHELL32.dll
0x00007ffc17a40000 - 0x00007ffc18343000 	C:\windows\SYSTEM32\windows.storage.dll
0x00007ffc17900000 - 0x00007ffc17a3f000 	C:\windows\SYSTEM32\wintypes.dll
0x00007ffc1c050000 - 0x00007ffc1c149000 	C:\windows\System32\SHCORE.dll
0x00007ffc1b250000 - 0x00007ffc1b2ae000 	C:\windows\System32\shlwapi.dll
0x00007ffc19a80000 - 0x00007ffc19aab000 	C:\windows\SYSTEM32\profapi.dll
0x00007ffbfdc50000 - 0x00007ffbfdc69000 	C:\Users\jslv3\.jdks\corretto-11.0.25\bin\net.dll
0x00007ffc166c0000 - 0x00007ffc167f6000 	C:\windows\SYSTEM32\WINHTTP.dll
0x00007ffc18fe0000 - 0x00007ffc19049000 	C:\windows\system32\mswsock.dll
0x00007ffbfb710000 - 0x00007ffbfb722000 	C:\Users\jslv3\.jdks\corretto-11.0.25\bin\nio.dll

dbghelp: loaded successfully - version: 4.0.5 - missing functions: none
symbol engine: initialized successfully - sym options: 0x614 - pdb path: .;C:\Users\jslv3\.jdks\corretto-11.0.25\bin;C:\windows\SYSTEM32;C:\windows\WinSxS\amd64_microsoft.windows.common-controls_6595b64144ccf1df_6.0.22621.4391_none_2715d37f73803e96;C:\Users\jslv3\.jdks\corretto-11.0.25\bin\server

VM Arguments:
jvm_args: -Dawt.toolkit=sun.awt.windows.WToolkit -Dcucumber.filter.tags -Dfile.separator=\ -Didea.active=true -Didea.vendor.name=JetBrains -Didea.version=2024.2.4 -Djava.awt.graphicsenv=sun.awt.Win32GraphicsEnvironment -Djava.awt.printerjob=sun.awt.windows.WPrinterJob -Djava.class.version=55.0 -Djava.home=C:\Users\jslv3\.jdks\corretto-11.0.25 -Djava.library.path=C:\Users\jslv3\.jdks\corretto-11.0.25\bin;C:\windows\Sun\Java\bin;C:\windows\system32;C:\windows;C:\Program Files (x86)\Common Files\Oracle\Java\java8path;C:\Program Files (x86)\Common Files\Oracle\Java\javapath;C:\Gradle\gradle-8.11\bin;C:\Program Files\Eclipse Adoptium\jdk-21.0.5.11-hotspot\bin;C:\windows\system32;C:\windows;C:\windows\System32\Wbem;C:\windows\System32\WindowsPowerShell\v1.0\;C:\windows\System32\OpenSSH\;C:\Program Files (x86)\NVIDIA Corporation\PhysX\Common;C:\Program Files\NVIDIA Corporation\NVIDIA NvDLISR;C:\Program Files\Microsoft VS Code\bin;C:\Program Files\dotnet\;C:\Program Files\Git\cmd;C:\Users\jslv3\AppData\Local\Programs\Python\Python312\Scripts\;C:\Users\jslv3\AppData\Local\Programs\Python\Python312\;C:\Users\jslv3\AppData\Local\Programs\Python\Launcher\;C:\Users\jslv3\AppData\Local\Microsoft\WindowsApps;C:\Users\jslv3\AppData\Local\gitkraken\bin;C:\Gradle\gradle-8.11\bin;;. -Djava.runtime.name=OpenJDK Runtime Environment -Djava.runtime.version=11.0.25+9-LTS -Djava.specification.maintenance.version=3 -Djava.specification.name=Java Platform API Specification -Djava.specification.vendor=Oracle Corporation -Djava.specification.version=11 -Djava.vendor=Amazon.com Inc. -Djava.vendor.url=https://aws.amazon.com/corretto/ -Djava.vendor.url.bug=https://github.com/corretto/corretto-11/issues/ -Djava.vendor.version=Corretto-11.0.25.9.1 -Djava.version=11.0.25 -Djava.version.date=2024-10-15 -Djava.vm.compressedOopsMode=32-bit -Djava.vm.info=mixed mode -Djava.vm.name=OpenJDK 64-Bit Server VM -Djava.vm.specification.name=Java Virtual Machine Specification -Djava.vm.specification.vendor=Oracle Corporation -Djava.vm.specification.version=11 -Djava.vm.vendor=Amazon.com Inc. -Djava.vm.version=11.0.25+9-LTS -Djdk.debug=release -Dlibrary.jansi.path=C:\Gradle\gradle-8.11\bin\native\jansi\1.18\windows64 -Dline.separator=
 -Dorg.gradle.internal.worker.tmpdir=C:\Dafiti_Automation\build\tmp\test\work -Dos.arch=amd64 -Dos.name=Windows 11 -Dos.version=10.0 -Dpath.separator=; -Dproject.build.directory=C:\Dafiti_Automation -Dsun.arch.data.model=64 -Dsun.boot.library.path=C:\Users\jslv3\.jdks\corretto-11.0.25\bin -Dsun.cpu.endian=little -Dsun.cpu.isalist=amd64 -Dsun.desktop=windows -Dsun.io.unicode.encoding=UnicodeLittle -Dsun.jnu.encoding=Cp1252 -Dsun.management.compiler=HotSpot 64-Bit Tiered Compilers -Dsun.os.patch.level -Duser.dir=C:\Dafiti_Automation -Duser.home=C:\Users\jslv3 -Duser.name=jslv3 -Duser.script -Duser.timezone=America/Bogota -Xmx512m -Dfile.encoding=UTF-8 -Djava.io.tmpdir=C:\Users\jslv3\AppData\Local\Temp\ -Duser.country=CO -Duser.language=es -Duser.variant -ea 
java_command: worker.org.gradle.process.internal.worker.GradleWorkerMain 'Gradle Test Executor 9'
java_class_path (initial): C:\\Gradle\\gradle-8.11\\bin\\caches\\8.8\\workerMain\\gradle-worker.jar;C:\\Dafiti_Automation\\build\\classes\\java\\test;C:\\Dafiti_Automation\\build\\resources\\test;C:\\Dafiti_Automation\\build\\classes\\java\\main;C:\\Gradle\\gradle-8.11\\bin\\caches\\modules-2\\files-2.1\\net.serenity-bdd\\serenity-ensure\\3.2.0\\fef697a82540ac43287b15521b6ec6b2f302ef39\\serenity-ensure-3.2.0.jar;C:\\Gradle\\gradle-8.11\\bin\\caches\\modules-2\\files-2.1\\net.serenity-bdd\\serenity-junit\\3.7.1\\57b570c7eec2da4fbf9275d3886a5aa1550bb3f1\\serenity-junit-3.7.1.jar;C:\\Gradle\\gradle-8.11\\bin\\caches\\modules-2\\files-2.1\\net.serenity-bdd\\serenity-cucumber\\3.7.1\\8353fe3f3fb918d7116f9b7996f114222c5994e0\\serenity-cucumber-3.7.1.jar;C:\\Gradle\\gradle-8.11\\bin\\caches\\modules-2\\files-2.1\\net.serenity-bdd\\serenity-screenplay-webdriver\\3.7.1\\715dea4c4c6589dd9942567aaf8db5375ed28eb\\serenity-screenplay-webdriver-3.7.1.jar;C:\\Gradle\\gradle-8.11\\bin\\caches\\modules-2\\files-2.1\\net.serenity-bdd\\serenity-screenplay\\3.7.1\\cc3b5bf823143f794fd4667f8f0a4b3c81372ed0\\serenity-screenplay-3.7.1.jar;C:\\Gradle\\gradle-8.11\\bin\\caches\\modules-2\\files-2.1\\net.serenity-bdd\\serenity-core\\3.7.1\\a6b59da184c612e3c59a7e4be78f446a0c7204c5\\serenity-core-3.7.1.jar;C:\\Gradle\\gradle-8.11\\bin\\caches\\modules-2\\files-2.1\\org.assertj\\assertj-core\\3.24.2\\ebbf338e33f893139459ce5df023115971c2786f\\assertj-core-3.24.2.jar;C:\\Gradle\\gradle-8.11\\bin\\caches\\modules-2\\files-2.1\\org.apache.poi\\poi-ooxml\\4.1.1\\216d8bb4c064c3a1079e77d693cd60346dd63f38\\poi-ooxml-4.1.1.jar;C:\\Gradle\\gradle-8.11\\bin\\caches\\modules-2\\files-2.1\\org.apache.poi\\poi\\4.1.1\\c915f1a426213a8450fb473b5b3adb63f5ac1017\\poi-4.1.1.jar;C:\\Gradle\\gradle-8.11\\bin\\caches\\modules-2\\files-2.1\\org.slf4j\\slf4j-simple\\1.7.7\\8095d0b9f7e0a9cd79a663c740e0f8fb31d0e2c8\\slf4j-simple-1.7.7.jar;C:\\Gradle\\gradle-8.11\\bin\\caches\\modules-2\\files-2.1\\org.slf4j\\slf4j-nop\
Launcher Type: SUN_STANDARD

[Global flags]
     intx CICompilerCount                          = 4                                         {product} {ergonomic}
     uint ConcGCThreads                            = 3                                         {product} {ergonomic}
     uint G1ConcRefinementThreads                  = 10                                        {product} {ergonomic}
   size_t G1HeapRegionSize                         = 1048576                                   {product} {ergonomic}
    uintx GCDrainStackTargetSize                   = 64                                        {product} {ergonomic}
   size_t InitialHeapSize                          = 123731968                                 {product} {ergonomic}
   size_t MarkStackSize                            = 4194304                                   {product} {ergonomic}
   size_t MaxHeapSize                              = 536870912                                 {product} {command line}
   size_t MaxNewSize                               = 321912832                                 {product} {ergonomic}
   size_t MinHeapDeltaBytes                        = 1048576                                   {product} {ergonomic}
    uintx NonNMethodCodeHeapSize                   = 5836300                                {pd product} {ergonomic}
    uintx NonProfiledCodeHeapSize                  = 122910970                              {pd product} {ergonomic}
    uintx ProfiledCodeHeapSize                     = 122910970                              {pd product} {ergonomic}
    uintx ReservedCodeCacheSize                    = 251658240                              {pd product} {ergonomic}
     bool SegmentedCodeCache                       = true                                      {product} {ergonomic}
     bool UseCompressedClassPointers               = true                                 {lp64_product} {ergonomic}
     bool UseCompressedOops                        = true                                 {lp64_product} {ergonomic}
     bool UseG1GC                                  = true                                      {product} {ergonomic}
     bool UseLargePagesIndividualAllocation        = false                                  {pd product} {ergonomic}

Logging:
Log output configuration:
 #0: stdout all=warning uptime,level,tags
 #1: stderr all=off uptime,level,tags

Environment Variables:
PATH=C:\Program Files (x86)\Common Files\Oracle\Java\java8path;C:\Program Files (x86)\Common Files\Oracle\Java\javapath;C:\Gradle\gradle-8.11\bin;C:\Program Files\Eclipse Adoptium\jdk-21.0.5.11-hotspot\bin;C:\windows\system32;C:\windows;C:\windows\System32\Wbem;C:\windows\System32\WindowsPowerShell\v1.0\;C:\windows\System32\OpenSSH\;C:\Program Files (x86)\NVIDIA Corporation\PhysX\Common;C:\Program Files\NVIDIA Corporation\NVIDIA NvDLISR;C:\Program Files\Microsoft VS Code\bin;C:\Program Files\dotnet\;C:\Program Files\Git\cmd;C:\Users\jslv3\AppData\Local\Programs\Python\Python312\Scripts\;C:\Users\jslv3\AppData\Local\Programs\Python\Python312\;C:\Users\jslv3\AppData\Local\Programs\Python\Launcher\;C:\Users\jslv3\AppData\Local\Microsoft\WindowsApps;C:\Users\jslv3\AppData\Local\gitkraken\bin;C:\Gradle\gradle-8.11\bin;
USERNAME=jslv3
OS=Windows_NT
PROCESSOR_IDENTIFIER=AMD64 Family 25 Model 80 Stepping 0, AuthenticAMD
TMP=C:\Users\jslv3\AppData\Local\Temp
TEMP=C:\Users\jslv3\AppData\Local\Temp



---------------  S Y S T E M  ---------------

OS: Windows 11 , 64 bit Build 22621 (10.0.22621.4391)
OS uptime: 1 days 13:17 hours
Hyper-V role detected

CPU:total 12 (initial active 12) (12 cores per cpu, 2 threads per core) family 25 model 80 stepping 0 microcode 0x0, cmov, cx8, fxsr, mmx, sse, sse2, sse3, ssse3, sse4.1, sse4.2, popcnt, avx, avx2, aes, clmul, erms, mmxext, 3dnowpref, lzcnt, sse4a, ht, tsc, tscinvbit, tscinv, bmi1, bmi2, adx, sha, fma

Memory: 4k page, system-wide physical 7519M (372M free)
TotalPageFile size 31071M (AvailPageFile size 0M)
current process WorkingSet (physical memory assigned to process): 43M, peak: 43M
current process commit charge ("private bytes"): 202M, peak: 202M

vm_info: OpenJDK 64-Bit Server VM (11.0.25+9-LTS) for windows-amd64 JRE (11.0.25+9-LTS), built on Oct 10 2024 00:01:59 by "Administrator" with MS VC++ 16.10 / 16.11 (VS2019)

END.
