#
# There is insufficient memory for the Java Runtime Environment to continue.
# Native memory allocation (mmap) failed to map 123731968 bytes for Failed to commit area from 0x00000000e0000000 to 0x00000000e7600000 of length 123731968.
# Possible reasons:
#   The system is out of physical RAM or swap space
#   The process is running with CompressedOops enabled, and the Java Heap may be blocking the growth of the native heap
# Possible solutions:
#   Reduce memory load on the system
#   Increase physical memory or swap space
#   Check if swap backing store is full
#   Decrease Java heap size (-Xmx/-Xms)
#   Decrease number of Java threads
#   Decrease Java thread stack sizes (-Xss)
#   Set larger code cache with -XX:ReservedCodeCacheSize=
# This output file may be truncated or incomplete.
#
#  Out of Memory Error (os_windows.cpp:3388), pid=19160, tid=18968
#
# JRE version:  (11.0.25+9) (build )
# Java VM: OpenJDK 64-Bit Server VM (11.0.25+9-LTS, mixed mode, sharing, tiered, compressed oops, g1 gc, windows-amd64)
# No core dump will be written. Minidumps are not enabled by default on client versions of Windows
#

---------------  S U M M A R Y ------------

Command Line: -Dawt.toolkit=sun.awt.windows.WToolkit -Dcucumber.filter.tags -Dfile.separator=\ -Didea.active=true -Didea.vendor.name=JetBrains -Didea.version=2024.2.4 -Djava.awt.graphicsenv=sun.awt.Win32GraphicsEnvironment -Djava.awt.printerjob=sun.awt.windows.WPrinterJob -Djava.class.version=55.0 -Djava.home=C:\Users\jslv3\.jdks\corretto-11.0.25 -Djava.library.path=C:\Users\jslv3\.jdks\corretto-11.0.25\bin;C:\windows\Sun\Java\bin;C:\windows\system32;C:\windows;C:\Program Files (x86)\Common Files\Oracle\Java\java8path;C:\Program Files (x86)\Common Files\Oracle\Java\javapath;C:\Gradle\gradle-8.11\bin;C:\Program Files\Eclipse Adoptium\jdk-21.0.5.11-hotspot\bin;C:\windows\system32;C:\windows;C:\windows\System32\Wbem;C:\windows\System32\WindowsPowerShell\v1.0\;C:\windows\System32\OpenSSH\;C:\Program Files (x86)\NVIDIA Corporation\PhysX\Common;C:\Program Files\NVIDIA Corporation\NVIDIA NvDLISR;C:\Program Files\Microsoft VS Code\bin;C:\Program Files\dotnet\;C:\Program Files\Git\cmd;C:\Users\jslv3\AppData\Local\Programs\Python\Python312\Scripts\;C:\Users\jslv3\AppData\Local\Programs\Python\Python312\;C:\Users\jslv3\AppData\Local\Programs\Python\Launcher\;C:\Users\jslv3\AppData\Local\Microsoft\WindowsApps;C:\Users\jslv3\AppData\Local\gitkraken\bin;C:\Gradle\gradle-8.11\bin;;. -Djava.runtime.name=OpenJDK Runtime Environment -Djava.runtime.version=11.0.25+9-LTS -Djava.specification.maintenance.version=3 -Djava.specification.name=Java Platform API Specification -Djava.specification.vendor=Oracle Corporation -Djava.specification.version=11 -Djava.vendor=Amazon.com Inc. -Djava.vendor.url=https://aws.amazon.com/corretto/ -Djava.vendor.url.bug=https://github.com/corretto/corretto-11/issues/ -Djava.vendor.version=Corretto-11.0.25.9.1 -Djava.version=11.0.25 -Djava.version.date=2024-10-15 -Djava.vm.compressedOopsMode=32-bit -Djava.vm.info=mixed mode -Djava.vm.name=OpenJDK 64-Bit Server VM -Djava.vm.specification.name=Java Virtual Machine Specification -Djava.vm.specification.vendor=Oracle Corporation -Djava.vm.specification.version=11 -Djava.vm.vendor=Amazon.com Inc. -Djava.vm.version=11.0.25+9-LTS -Djdk.debug=release -Dlibrary.jansi.path=C:\Gradle\gradle-8.11\bin\native\jansi\1.18\windows64 -Dline.separator=
 -Dorg.gradle.internal.worker.tmpdir=C:\Dafiti_Automation\build\tmp\test\work -Dos.arch=amd64 -Dos.name=Windows 11 -Dos.version=10.0 -Dpath.separator=; -Dproject.build.directory=C:\Dafiti_Automation -Dsun.arch.data.model=64 -Dsun.boot.library.path=C:\Users\jslv3\.jdks\corretto-11.0.25\bin -Dsun.cpu.endian=little -Dsun.cpu.isalist=amd64 -Dsun.desktop=windows -Dsun.io.unicode.encoding=UnicodeLittle -Dsun.jnu.encoding=Cp1252 -Dsun.management.compiler=HotSpot 64-Bit Tiered Compilers -Dsun.os.patch.level -Duser.dir=C:\Dafiti_Automation -Duser.home=C:\Users\jslv3 -Duser.name=jslv3 -Duser.script -Duser.timezone=America/Bogota -Xmx512m -Dfile.encoding=UTF-8 -Djava.io.tmpdir=C:\Users\jslv3\AppData\Local\Temp\ -Duser.country=CO -Duser.language=es -Duser.variant -ea worker.org.gradle.process.internal.worker.GradleWorkerMain 'Gradle Test Executor 10'

Host: AMD Ryzen 5 5600H with Radeon Graphics         , 12 cores, 7G,  Windows 11 , 64 bit Build 22621 (10.0.22621.4391)
Time: Thu Nov 28 15:52:23 2024 Hora est. Pacífico, Sudamérica elapsed time: 0.011710 seconds (0d 0h 0m 0s)

---------------  T H R E A D  ---------------

Current thread (0x000001d0510ea800):  JavaThread "Unknown thread" [_thread_in_vm, id=18968, stack(0x0000004232100000,0x0000004232200000)]

Stack: [0x0000004232100000,0x0000004232200000]
Native frames: (J=compiled Java code, j=interpreted, Vv=VM code, C=native code)
V  [jvm.dll+0x64644a]
V  [jvm.dll+0x7daca9]
V  [jvm.dll+0x7dc3a9]
V  [jvm.dll+0x7dca93]
V  [jvm.dll+0x269da5]
V  [jvm.dll+0x643669]
V  [jvm.dll+0x637b45]
V  [jvm.dll+0x325e2c]
V  [jvm.dll+0x325cb2]
V  [jvm.dll+0x32a886]
V  [jvm.dll+0x372d02]
V  [jvm.dll+0x372761]
V  [jvm.dll+0x301568]
V  [jvm.dll+0x302665]
V  [jvm.dll+0x7b3db7]
V  [jvm.dll+0x7b557f]
V  [jvm.dll+0x380119]
V  [jvm.dll+0x795f1f]
V  [jvm.dll+0x3f0a37]
V  [jvm.dll+0x3f2fa1]
C  [jli.dll+0x52ef]
C  [ucrtbase.dll+0x29333]
C  [KERNEL32.DLL+0x1259d]
C  [ntdll.dll+0x5af38]


---------------  P R O C E S S  ---------------

Threads class SMR info:
_java_thread_list=0x000001d04ed353e0, length=0, elements={
}

Java Threads: ( => current thread )

Other Threads:
  0x000001d051102000 GCTaskThread "GC Thread#0" [stack: 0x0000004232200000,0x0000004232300000] [id=9540]
  0x000001d051114800 ConcurrentGCThread "G1 Main Marker" [stack: 0x0000004232300000,0x0000004232400000] [id=2308]
  0x000001d051116800 ConcurrentGCThread "G1 Conc#0" [stack: 0x0000004232400000,0x0000004232500000] [id=25572]

[error occurred during error reporting (printing all threads), id 0xc0000005, EXCEPTION_ACCESS_VIOLATION (0xc0000005) at pc=0x00007ffb7f531fa7]

VM state:not at safepoint (not fully initialized)

VM Mutex/Monitor currently owned by a thread:  ([mutex/lock_event])
[0x000001d0510e6d40] Heap_lock - owner thread: 0x000001d0510ea800

Heap address: 0x00000000e0000000, size: 512 MB, Compressed Oops mode: Non-zero based: 0x00000000e0000000
Narrow klass base: 0x0000000000000000, Narrow klass shift: 0

GC Heap History (0 events):
No events

Deoptimization events (0 events):
No events

Classes redefined (0 events):
No events

Internal exceptions (0 events):
No events

Events (1 events):
Event: 0.008 Loaded shared library C:\Users\jslv3\.jdks\corretto-11.0.25\bin\zip.dll


Dynamic libraries:
0x00007ff7f4000000 - 0x00007ff7f400e000 	C:\Users\jslv3\.jdks\corretto-11.0.25\bin\java.exe
0x00007ffc1c850000 - 0x00007ffc1ca67000 	C:\windows\SYSTEM32\ntdll.dll
0x00007ffc1b890000 - 0x00007ffc1b954000 	C:\windows\System32\KERNEL32.DLL
0x00007ffc19fa0000 - 0x00007ffc1a359000 	C:\windows\System32\KERNELBASE.dll
0x00007ffc19e50000 - 0x00007ffc19f61000 	C:\windows\System32\ucrtbase.dll
0x00007ffc153e0000 - 0x00007ffc153fb000 	C:\Users\jslv3\.jdks\corretto-11.0.25\bin\VCRUNTIME140.dll
0x00007ffbfea60000 - 0x00007ffbfea77000 	C:\Users\jslv3\.jdks\corretto-11.0.25\bin\jli.dll
0x00007ffc07d40000 - 0x00007ffc07fd2000 	C:\windows\WinSxS\amd64_microsoft.windows.common-controls_6595b64144ccf1df_6.0.22621.4391_none_2715d37f73803e96\COMCTL32.dll
0x00007ffc1a570000 - 0x00007ffc1a71e000 	C:\windows\System32\USER32.dll
0x00007ffc1b2b0000 - 0x00007ffc1b357000 	C:\windows\System32\msvcrt.dll
0x00007ffc1a540000 - 0x00007ffc1a566000 	C:\windows\System32\win32u.dll
0x00007ffc1c160000 - 0x00007ffc1c189000 	C:\windows\System32\GDI32.dll
0x00007ffc19d30000 - 0x00007ffc19e4b000 	C:\windows\System32\gdi32full.dll
0x00007ffc19b50000 - 0x00007ffc19bea000 	C:\windows\System32\msvcp_win.dll
0x00007ffc1b210000 - 0x00007ffc1b241000 	C:\windows\System32\IMM32.DLL
0x00007ffc16400000 - 0x00007ffc1640c000 	C:\Users\jslv3\.jdks\corretto-11.0.25\bin\vcruntime140_1.dll
0x00007ffbbe710000 - 0x00007ffbbe79d000 	C:\Users\jslv3\.jdks\corretto-11.0.25\bin\msvcp140.dll
0x00007ffb7f220000 - 0x00007ffb7fde5000 	C:\Users\jslv3\.jdks\corretto-11.0.25\bin\server\jvm.dll
0x00007ffc1b0c0000 - 0x00007ffc1b172000 	C:\windows\System32\ADVAPI32.dll
0x00007ffc1b3b0000 - 0x00007ffc1b457000 	C:\windows\System32\sechost.dll
0x00007ffc19f70000 - 0x00007ffc19f98000 	C:\windows\System32\bcrypt.dll
0x00007ffc1afa0000 - 0x00007ffc1b0b4000 	C:\windows\System32\RPCRT4.dll
0x00007ffc1c630000 - 0x00007ffc1c6a1000 	C:\windows\System32\WS2_32.dll
0x00007ffc1c190000 - 0x00007ffc1c198000 	C:\windows\System32\PSAPI.DLL
0x00007ffc15370000 - 0x00007ffc153a4000 	C:\windows\SYSTEM32\WINMM.dll
0x00007ffc145a0000 - 0x00007ffc145aa000 	C:\windows\SYSTEM32\VERSION.dll
0x00007ffc18b00000 - 0x00007ffc18b18000 	C:\windows\SYSTEM32\kernel.appcore.dll
0x00007ffc154d0000 - 0x00007ffc154e0000 	C:\Users\jslv3\.jdks\corretto-11.0.25\bin\verify.dll
0x00007ffc11960000 - 0x00007ffc11b92000 	C:\windows\SYSTEM32\DBGHELP.DLL
0x00007ffc1bb10000 - 0x00007ffc1be9f000 	C:\windows\System32\combase.dll
0x00007ffc1ba10000 - 0x00007ffc1bae7000 	C:\windows\System32\OLEAUT32.dll
0x00007ffc0d910000 - 0x00007ffc0d942000 	C:\windows\SYSTEM32\dbgcore.DLL
0x00007ffc19bf0000 - 0x00007ffc19c6b000 	C:\windows\System32\bcryptPrimitives.dll
0x00007ffbfe9e0000 - 0x00007ffbfea08000 	C:\Users\jslv3\.jdks\corretto-11.0.25\bin\java.dll
0x00007ffc15480000 - 0x00007ffc1548a000 	C:\Users\jslv3\.jdks\corretto-11.0.25\bin\jimage.dll
0x00007ffbfe970000 - 0x00007ffbfe988000 	C:\Users\jslv3\.jdks\corretto-11.0.25\bin\zip.dll

dbghelp: loaded successfully - version: 4.0.5 - missing functions: none
symbol engine: initialized successfully - sym options: 0x614 - pdb path: .;C:\Users\jslv3\.jdks\corretto-11.0.25\bin;C:\windows\SYSTEM32;C:\windows\WinSxS\amd64_microsoft.windows.common-controls_6595b64144ccf1df_6.0.22621.4391_none_2715d37f73803e96;C:\Users\jslv3\.jdks\corretto-11.0.25\bin\server

VM Arguments:
jvm_args: -Dawt.toolkit=sun.awt.windows.WToolkit -Dcucumber.filter.tags -Dfile.separator=\ -Didea.active=true -Didea.vendor.name=JetBrains -Didea.version=2024.2.4 -Djava.awt.graphicsenv=sun.awt.Win32GraphicsEnvironment -Djava.awt.printerjob=sun.awt.windows.WPrinterJob -Djava.class.version=55.0 -Djava.home=C:\Users\jslv3\.jdks\corretto-11.0.25 -Djava.library.path=C:\Users\jslv3\.jdks\corretto-11.0.25\bin;C:\windows\Sun\Java\bin;C:\windows\system32;C:\windows;C:\Program Files (x86)\Common Files\Oracle\Java\java8path;C:\Program Files (x86)\Common Files\Oracle\Java\javapath;C:\Gradle\gradle-8.11\bin;C:\Program Files\Eclipse Adoptium\jdk-21.0.5.11-hotspot\bin;C:\windows\system32;C:\windows;C:\windows\System32\Wbem;C:\windows\System32\WindowsPowerShell\v1.0\;C:\windows\System32\OpenSSH\;C:\Program Files (x86)\NVIDIA Corporation\PhysX\Common;C:\Program Files\NVIDIA Corporation\NVIDIA NvDLISR;C:\Program Files\Microsoft VS Code\bin;C:\Program Files\dotnet\;C:\Program Files\Git\cmd;C:\Users\jslv3\AppData\Local\Programs\Python\Python312\Scripts\;C:\Users\jslv3\AppData\Local\Programs\Python\Python312\;C:\Users\jslv3\AppData\Local\Programs\Python\Launcher\;C:\Users\jslv3\AppData\Local\Microsoft\WindowsApps;C:\Users\jslv3\AppData\Local\gitkraken\bin;C:\Gradle\gradle-8.11\bin;;. -Djava.runtime.name=OpenJDK Runtime Environment -Djava.runtime.version=11.0.25+9-LTS -Djava.specification.maintenance.version=3 -Djava.specification.name=Java Platform API Specification -Djava.specification.vendor=Oracle Corporation -Djava.specification.version=11 -Djava.vendor=Amazon.com Inc. -Djava.vendor.url=https://aws.amazon.com/corretto/ -Djava.vendor.url.bug=https://github.com/corretto/corretto-11/issues/ -Djava.vendor.version=Corretto-11.0.25.9.1 -Djava.version=11.0.25 -Djava.version.date=2024-10-15 -Djava.vm.compressedOopsMode=32-bit -Djava.vm.info=mixed mode -Djava.vm.name=OpenJDK 64-Bit Server VM -Djava.vm.specification.name=Java Virtual Machine Specification -Djava.vm.specification.vendor=Oracle Corporation -Djava.vm.specification.version=11 -Djava.vm.vendor=Amazon.com Inc. -Djava.vm.version=11.0.25+9-LTS -Djdk.debug=release -Dlibrary.jansi.path=C:\Gradle\gradle-8.11\bin\native\jansi\1.18\windows64 -Dline.separator=
 -Dorg.gradle.internal.worker.tmpdir=C:\Dafiti_Automation\build\tmp\test\work -Dos.arch=amd64 -Dos.name=Windows 11 -Dos.version=10.0 -Dpath.separator=; -Dproject.build.directory=C:\Dafiti_Automation -Dsun.arch.data.model=64 -Dsun.boot.library.path=C:\Users\jslv3\.jdks\corretto-11.0.25\bin -Dsun.cpu.endian=little -Dsun.cpu.isalist=amd64 -Dsun.desktop=windows -Dsun.io.unicode.encoding=UnicodeLittle -Dsun.jnu.encoding=Cp1252 -Dsun.management.compiler=HotSpot 64-Bit Tiered Compilers -Dsun.os.patch.level -Duser.dir=C:\Dafiti_Automation -Duser.home=C:\Users\jslv3 -Duser.name=jslv3 -Duser.script -Duser.timezone=America/Bogota -Xmx512m -Dfile.encoding=UTF-8 -Djava.io.tmpdir=C:\Users\jslv3\AppData\Local\Temp\ -Duser.country=CO -Duser.language=es -Duser.variant -ea 
java_command: worker.org.gradle.process.internal.worker.GradleWorkerMain 'Gradle Test Executor 10'
java_class_path (initial): C:\\Gradle\\gradle-8.11\\bin\\caches\\8.8\\workerMain\\gradle-worker.jar;C:\\Dafiti_Automation\\build\\classes\\java\\test;C:\\Dafiti_Automation\\build\\resources\\test;C:\\Dafiti_Automation\\build\\classes\\java\\main;C:\\Gradle\\gradle-8.11\\bin\\caches\\modules-2\\files-2.1\\net.serenity-bdd\\serenity-ensure\\3.2.0\\fef697a82540ac43287b15521b6ec6b2f302ef39\\serenity-ensure-3.2.0.jar;C:\\Gradle\\gradle-8.11\\bin\\caches\\modules-2\\files-2.1\\net.serenity-bdd\\serenity-junit\\3.7.1\\57b570c7eec2da4fbf9275d3886a5aa1550bb3f1\\serenity-junit-3.7.1.jar;C:\\Gradle\\gradle-8.11\\bin\\caches\\modules-2\\files-2.1\\net.serenity-bdd\\serenity-cucumber\\3.7.1\\8353fe3f3fb918d7116f9b7996f114222c5994e0\\serenity-cucumber-3.7.1.jar;C:\\Gradle\\gradle-8.11\\bin\\caches\\modules-2\\files-2.1\\net.serenity-bdd\\serenity-screenplay-webdriver\\3.7.1\\715dea4c4c6589dd9942567aaf8db5375ed28eb\\serenity-screenplay-webdriver-3.7.1.jar;C:\\Gradle\\gradle-8.11\\bin\\caches\\modules-2\\files-2.1\\net.serenity-bdd\\serenity-screenplay\\3.7.1\\cc3b5bf823143f794fd4667f8f0a4b3c81372ed0\\serenity-screenplay-3.7.1.jar;C:\\Gradle\\gradle-8.11\\bin\\caches\\modules-2\\files-2.1\\net.serenity-bdd\\serenity-core\\3.7.1\\a6b59da184c612e3c59a7e4be78f446a0c7204c5\\serenity-core-3.7.1.jar;C:\\Gradle\\gradle-8.11\\bin\\caches\\modules-2\\files-2.1\\org.assertj\\assertj-core\\3.24.2\\ebbf338e33f893139459ce5df023115971c2786f\\assertj-core-3.24.2.jar;C:\\Gradle\\gradle-8.11\\bin\\caches\\modules-2\\files-2.1\\org.apache.poi\\poi-ooxml\\4.1.1\\216d8bb4c064c3a1079e77d693cd60346dd63f38\\poi-ooxml-4.1.1.jar;C:\\Gradle\\gradle-8.11\\bin\\caches\\modules-2\\files-2.1\\org.apache.poi\\poi\\4.1.1\\c915f1a426213a8450fb473b5b3adb63f5ac1017\\poi-4.1.1.jar;C:\\Gradle\\gradle-8.11\\bin\\caches\\modules-2\\files-2.1\\org.slf4j\\slf4j-simple\\1.7.7\\8095d0b9f7e0a9cd79a663c740e0f8fb31d0e2c8\\slf4j-simple-1.7.7.jar;C:\\Gradle\\gradle-8.11\\bin\\caches\\modules-2\\files-2.1\\org.slf4j\\slf4j-nop\
Launcher Type: SUN_STANDARD

[Global flags]
     intx CICompilerCount                          = 4                                         {product} {ergonomic}
     uint ConcGCThreads                            = 3                                         {product} {ergonomic}
     uint G1ConcRefinementThreads                  = 10                                        {product} {ergonomic}
   size_t G1HeapRegionSize                         = 1048576                                   {product} {ergonomic}
    uintx GCDrainStackTargetSize                   = 64                                        {product} {ergonomic}
   size_t InitialHeapSize                          = 123731968                                 {product} {ergonomic}
   size_t MarkStackSize                            = 4194304                                   {product} {ergonomic}
   size_t MaxHeapSize                              = 536870912                                 {product} {command line}
   size_t MinHeapDeltaBytes                        = 1048576                                   {product} {ergonomic}
    uintx NonNMethodCodeHeapSize                   = 5836300                                {pd product} {ergonomic}
    uintx NonProfiledCodeHeapSize                  = 122910970                              {pd product} {ergonomic}
    uintx ProfiledCodeHeapSize                     = 122910970                              {pd product} {ergonomic}
    uintx ReservedCodeCacheSize                    = 251658240                              {pd product} {ergonomic}
     bool SegmentedCodeCache                       = true                                      {product} {ergonomic}
     bool UseCompressedClassPointers               = true                                 {lp64_product} {ergonomic}
     bool UseCompressedOops                        = true                                 {lp64_product} {ergonomic}
     bool UseG1GC                                  = true                                      {product} {ergonomic}
     bool UseLargePagesIndividualAllocation        = false                                  {pd product} {ergonomic}

Logging:
Log output configuration:
 #0: stdout all=warning uptime,level,tags
 #1: stderr all=off uptime,level,tags

Environment Variables:
PATH=C:\Program Files (x86)\Common Files\Oracle\Java\java8path;C:\Program Files (x86)\Common Files\Oracle\Java\javapath;C:\Gradle\gradle-8.11\bin;C:\Program Files\Eclipse Adoptium\jdk-21.0.5.11-hotspot\bin;C:\windows\system32;C:\windows;C:\windows\System32\Wbem;C:\windows\System32\WindowsPowerShell\v1.0\;C:\windows\System32\OpenSSH\;C:\Program Files (x86)\NVIDIA Corporation\PhysX\Common;C:\Program Files\NVIDIA Corporation\NVIDIA NvDLISR;C:\Program Files\Microsoft VS Code\bin;C:\Program Files\dotnet\;C:\Program Files\Git\cmd;C:\Users\jslv3\AppData\Local\Programs\Python\Python312\Scripts\;C:\Users\jslv3\AppData\Local\Programs\Python\Python312\;C:\Users\jslv3\AppData\Local\Programs\Python\Launcher\;C:\Users\jslv3\AppData\Local\Microsoft\WindowsApps;C:\Users\jslv3\AppData\Local\gitkraken\bin;C:\Gradle\gradle-8.11\bin;
USERNAME=jslv3
OS=Windows_NT
PROCESSOR_IDENTIFIER=AMD64 Family 25 Model 80 Stepping 0, AuthenticAMD
TMP=C:\Users\jslv3\AppData\Local\Temp
TEMP=C:\Users\jslv3\AppData\Local\Temp



---------------  S Y S T E M  ---------------

OS: Windows 11 , 64 bit Build 22621 (10.0.22621.4391)
OS uptime: 1 days 13:18 hours
Hyper-V role detected

CPU:total 12 (initial active 12) (12 cores per cpu, 2 threads per core) family 25 model 80 stepping 0 microcode 0x0, cmov, cx8, fxsr, mmx, sse, sse2, sse3, ssse3, sse4.1, sse4.2, popcnt, avx, avx2, aes, clmul, erms, mmxext, 3dnowpref, lzcnt, sse4a, ht, tsc, tscinvbit, tscinv, bmi1, bmi2, adx, sha, fma

Memory: 4k page, system-wide physical 7519M (364M free)
TotalPageFile size 31071M (AvailPageFile size 119M)
current process WorkingSet (physical memory assigned to process): 11M, peak: 11M
current process commit charge ("private bytes"): 64M, peak: 182M

vm_info: OpenJDK 64-Bit Server VM (11.0.25+9-LTS) for windows-amd64 JRE (11.0.25+9-LTS), built on Oct 10 2024 00:01:59 by "Administrator" with MS VC++ 16.10 / 16.11 (VS2019)

END.
