#
# There is insufficient memory for the Java Runtime Environment to continue.
# Native memory allocation (malloc) failed to allocate 131088 bytes for Chunk::new
# Possible reasons:
#   The system is out of physical RAM or swap space
#   The process is running with CompressedOops enabled, and the Java Heap may be blocking the growth of the native heap
# Possible solutions:
#   Reduce memory load on the system
#   Increase physical memory or swap space
#   Check if swap backing store is full
#   Decrease Java heap size (-Xmx/-Xms)
#   Decrease number of Java threads
#   Decrease Java thread stack sizes (-Xss)
#   Set larger code cache with -XX:ReservedCodeCacheSize=
#   JVM is running with Unscaled Compressed Oops mode in which the Java heap is
#     placed in the first 4GB address space. The Java Heap base address is the
#     maximum limit for the native heap growth. Please use -XX:HeapBaseMinAddress
#     to set the Java Heap base and to place the Java Heap above 4GB virtual address.
# This output file may be truncated or incomplete.
#
#  Out of Memory Error (arena.cpp:197), pid=24868, tid=17456
#
# JRE version: OpenJDK Runtime Environment Corretto-11.0.25.9.1 (11.0.25+9) (build 11.0.25+9-LTS)
# Java VM: OpenJDK 64-Bit Server VM Corretto-11.0.25.9.1 (11.0.25+9-LTS, mixed mode, tiered, compressed oops, g1 gc, windows-amd64)
# No core dump will be written. Minidumps are not enabled by default on client versions of Windows
#

---------------  S U M M A R Y ------------

Command Line: -Dawt.toolkit=sun.awt.windows.WToolkit -Dcucumber.filter.tags -Dfile.separator=\ -Didea.active=true -Didea.vendor.name=JetBrains -Didea.version=2024.2.4 -Djava.awt.graphicsenv=sun.awt.Win32GraphicsEnvironment -Djava.awt.printerjob=sun.awt.windows.WPrinterJob -Djava.class.version=55.0 -Djava.home=C:\Users\jslv3\.jdks\corretto-11.0.25 -Djava.library.path=C:\Users\jslv3\.jdks\corretto-11.0.25\bin;C:\windows\Sun\Java\bin;C:\windows\system32;C:\windows;C:\Program Files (x86)\Common Files\Oracle\Java\java8path;C:\Program Files (x86)\Common Files\Oracle\Java\javapath;C:\Gradle\gradle-8.11\bin;C:\Program Files\Eclipse Adoptium\jdk-21.0.5.11-hotspot\bin;C:\windows\system32;C:\windows;C:\windows\System32\Wbem;C:\windows\System32\WindowsPowerShell\v1.0\;C:\windows\System32\OpenSSH\;C:\Program Files (x86)\NVIDIA Corporation\PhysX\Common;C:\Program Files\NVIDIA Corporation\NVIDIA NvDLISR;C:\Program Files\Microsoft VS Code\bin;C:\Program Files\dotnet\;C:\Program Files\Git\cmd;C:\Users\jslv3\AppData\Local\Programs\Python\Python312\Scripts\;C:\Users\jslv3\AppData\Local\Programs\Python\Python312\;C:\Users\jslv3\AppData\Local\Programs\Python\Launcher\;C:\Users\jslv3\AppData\Local\Microsoft\WindowsApps;C:\Users\jslv3\AppData\Local\gitkraken\bin;C:\Gradle\gradle-8.11\bin;;. -Djava.runtime.name=OpenJDK Runtime Environment -Djava.runtime.version=11.0.25+9-LTS -Djava.specification.maintenance.version=3 -Djava.specification.name=Java Platform API Specification -Djava.specification.vendor=Oracle Corporation -Djava.specification.version=11 -Djava.vendor=Amazon.com Inc. -Djava.vendor.url=https://aws.amazon.com/corretto/ -Djava.vendor.url.bug=https://github.com/corretto/corretto-11/issues/ -Djava.vendor.version=Corretto-11.0.25.9.1 -Djava.version=11.0.25 -Djava.version.date=2024-10-15 -Djava.vm.compressedOopsMode=32-bit -Djava.vm.info=mixed mode -Djava.vm.name=OpenJDK 64-Bit Server VM -Djava.vm.specification.name=Java Virtual Machine Specification -Djava.vm.specification.vendor=Oracle Corporation -Djava.vm.specification.version=11 -Djava.vm.vendor=Amazon.com Inc. -Djava.vm.version=11.0.25+9-LTS -Djdk.debug=release -Dlibrary.jansi.path=C:\Gradle\gradle-8.11\bin\native\jansi\1.18\windows64 -Dline.separator=
 -Dorg.gradle.internal.worker.tmpdir=C:\Dafiti_Automation\build\tmp\test\work -Dos.arch=amd64 -Dos.name=Windows 11 -Dos.version=10.0 -Dpath.separator=; -Dproject.build.directory=C:\Dafiti_Automation -Dsun.arch.data.model=64 -Dsun.boot.library.path=C:\Users\jslv3\.jdks\corretto-11.0.25\bin -Dsun.cpu.endian=little -Dsun.cpu.isalist=amd64 -Dsun.desktop=windows -Dsun.io.unicode.encoding=UnicodeLittle -Dsun.jnu.encoding=Cp1252 -Dsun.management.compiler=HotSpot 64-Bit Tiered Compilers -Dsun.os.patch.level -Duser.dir=C:\Dafiti_Automation -Duser.home=C:\Users\jslv3 -Duser.name=jslv3 -Duser.script -Duser.timezone=America/Bogota -Xmx512m -Dfile.encoding=UTF-8 -Djava.io.tmpdir=C:\Users\jslv3\AppData\Local\Temp\ -Duser.country=CO -Duser.language=es -Duser.variant -ea worker.org.gradle.process.internal.worker.GradleWorkerMain 'Gradle Test Executor 6'

Host: AMD Ryzen 5 5600H with Radeon Graphics         , 12 cores, 7G,  Windows 11 , 64 bit Build 22621 (10.0.22621.4391)
Time: Thu Nov 28 15:49:35 2024 Hora est. Pacífico, Sudamérica elapsed time: 5.410909 seconds (0d 0h 0m 5s)

---------------  T H R E A D  ---------------

Current thread (0x0000018cd820c000):  JavaThread "C2 CompilerThread0" daemon [_thread_in_native, id=17456, stack(0x000000348e000000,0x000000348e100000)]


Current CompileTask:
C2:   5410 3117       4       java.lang.invoke.MethodType::makeImpl (108 bytes)

Stack: [0x000000348e000000,0x000000348e100000]
Native frames: (J=compiled Java code, j=interpreted, Vv=VM code, C=native code)
V  [jvm.dll+0x64644a]
V  [jvm.dll+0x7daca9]
V  [jvm.dll+0x7dc3a9]
V  [jvm.dll+0x7dca93]
V  [jvm.dll+0x269da5]
V  [jvm.dll+0xc217c]
V  [jvm.dll+0xc272c]
V  [jvm.dll+0xc228b]
V  [jvm.dll+0x6231ef]
V  [jvm.dll+0x551603]
V  [jvm.dll+0x2215bb]
V  [jvm.dll+0x2239a5]
V  [jvm.dll+0x220cf4]
V  [jvm.dll+0x19ea01]
V  [jvm.dll+0x230cb9]
V  [jvm.dll+0x22ee2f]
V  [jvm.dll+0x79bed1]
V  [jvm.dll+0x794ba4]
V  [jvm.dll+0x645205]
C  [ucrtbase.dll+0x29333]
C  [KERNEL32.DLL+0x1259d]
C  [ntdll.dll+0x5af38]


---------------  P R O C E S S  ---------------

Threads class SMR info:
_java_thread_list=0x0000018cdafb5370, length=25, elements={
0x0000018cb9cae000, 0x0000018cd7857000, 0x0000018cd7862000, 0x0000018cd8208800,
0x0000018cd8209000, 0x0000018cd820a000, 0x0000018cd820c000, 0x0000018cd8217000,
0x0000018cd8218800, 0x0000018cd8329000, 0x0000018cd86e9000, 0x0000018cd953c000,
0x0000018cd98ef000, 0x0000018cdaeff800, 0x0000018cdaf00800, 0x0000018cda937800,
0x0000018cdaf8f800, 0x0000018cdaef2800, 0x0000018cdb24b000, 0x0000018cdb278000,
0x0000018cdb27b800, 0x0000018cdb27c000, 0x0000018cdb27a800, 0x0000018cdb279000,
0x0000018cdb27d000
}

Java Threads: ( => current thread )
  0x0000018cb9cae000 JavaThread "Test worker" [_thread_in_native, id=17796, stack(0x000000348d400000,0x000000348d500000)]
  0x0000018cd7857000 JavaThread "Reference Handler" daemon [_thread_blocked, id=19864, stack(0x000000348db00000,0x000000348dc00000)]
  0x0000018cd7862000 JavaThread "Finalizer" daemon [_thread_blocked, id=16072, stack(0x000000348dc00000,0x000000348dd00000)]
  0x0000018cd8208800 JavaThread "Signal Dispatcher" daemon [_thread_blocked, id=21700, stack(0x000000348dd00000,0x000000348de00000)]
  0x0000018cd8209000 JavaThread "Attach Listener" daemon [_thread_blocked, id=21584, stack(0x000000348de00000,0x000000348df00000)]
  0x0000018cd820a000 JavaThread "Service Thread" daemon [_thread_blocked, id=27712, stack(0x000000348df00000,0x000000348e000000)]
=>0x0000018cd820c000 JavaThread "C2 CompilerThread0" daemon [_thread_in_native, id=17456, stack(0x000000348e000000,0x000000348e100000)]
  0x0000018cd8217000 JavaThread "C1 CompilerThread0" daemon [_thread_in_native, id=5916, stack(0x000000348e100000,0x000000348e200000)]
  0x0000018cd8218800 JavaThread "Sweeper thread" daemon [_thread_blocked, id=14540, stack(0x000000348e200000,0x000000348e300000)]
  0x0000018cd8329000 JavaThread "Common-Cleaner" daemon [_thread_blocked, id=21516, stack(0x000000348e400000,0x000000348e500000)]
  0x0000018cd86e9000 JavaThread "/127.0.0.1:50087 to /127.0.0.1:50086 workers" [_thread_blocked, id=18776, stack(0x000000348e700000,0x000000348e800000)]
  0x0000018cd953c000 JavaThread "/127.0.0.1:50087 to /127.0.0.1:50086 workers Thread 2" [_thread_blocked, id=7792, stack(0x000000348e800000,0x000000348e900000)]
  0x0000018cd98ef000 JavaThread "/127.0.0.1:50087 to /127.0.0.1:50086 workers Thread 3" [_thread_in_native, id=25540, stack(0x000000348e900000,0x000000348ea00000)]
  0x0000018cdaeff800 JavaThread "ForkJoinPool.commonPool-worker-19" daemon [_thread_blocked, id=10568, stack(0x000000348f200000,0x000000348f300000)]
  0x0000018cdaf00800 JavaThread "AsyncHttpClient-1-1" daemon [_thread_blocked, id=5692, stack(0x000000348f400000,0x000000348f500000)]
  0x0000018cda937800 JavaThread "Exec Default Executor" daemon [_thread_in_native, id=10836, stack(0x000000348f500000,0x000000348f600000)]
  0x0000018cdaf8f800 JavaThread "Exec Stream Pumper" daemon [_thread_in_native, id=25588, stack(0x000000348f600000,0x000000348f700000)]
  0x0000018cdaef2800 JavaThread "Exec Stream Pumper" daemon [_thread_in_native, id=11236, stack(0x000000348f700000,0x000000348f800000)]
  0x0000018cdb24b000 JavaThread "Driver Service Executor" daemon [_thread_blocked, id=22428, stack(0x000000348f800000,0x000000348f900000)]
  0x0000018cdb278000 JavaThread "Driver Service Executor" daemon [_thread_blocked, id=13168, stack(0x000000348f900000,0x000000348fa00000)]
  0x0000018cdb27b800 JavaThread "UrlChecker-2" daemon [_thread_blocked, id=20856, stack(0x000000348fa00000,0x000000348fb00000)]
  0x0000018cdb27c000 JavaThread "Keep-Alive-Timer" daemon [_thread_blocked, id=17412, stack(0x000000348fb00000,0x000000348fc00000)]
  0x0000018cdb27a800 JavaThread "AsyncHttpClient-1-2" daemon [_thread_in_native, id=18968, stack(0x000000348fc00000,0x000000348fd00000)]
  0x0000018cdb279000 JavaThread "AsyncHttpClient-1-3" daemon [_thread_in_native, id=15600, stack(0x000000348fd00000,0x000000348fe00000)]
  0x0000018cdb27d000 JavaThread "AsyncHttpClient-1-4" daemon [_thread_in_native, id=13716, stack(0x000000348fe00000,0x000000348ff00000)]

Other Threads:
  0x0000018cd7856800 VMThread "VM Thread" [stack: 0x000000348da00000,0x000000348db00000] [id=11400]
  0x0000018cd84cb800 WatcherThread [stack: 0x000000348e300000,0x000000348e400000] [id=26132]
  0x0000018cb9cc5800 GCTaskThread "GC Thread#0" [stack: 0x000000348d500000,0x000000348d600000] [id=388]
  0x0000018cd8a52800 GCTaskThread "GC Thread#1" [stack: 0x000000348e600000,0x000000348e700000] [id=9160]
  0x0000018cd9b27800 GCTaskThread "GC Thread#2" [stack: 0x000000348ea00000,0x000000348eb00000] [id=10472]
  0x0000018cda4e0800 GCTaskThread "GC Thread#3" [stack: 0x000000348eb00000,0x000000348ec00000] [id=28448]
  0x0000018cd9b2e000 GCTaskThread "GC Thread#4" [stack: 0x000000348ec00000,0x000000348ed00000] [id=11684]
  0x0000018cd9e0f800 GCTaskThread "GC Thread#5" [stack: 0x000000348ed00000,0x000000348ee00000] [id=10920]
  0x0000018cd998c000 GCTaskThread "GC Thread#6" [stack: 0x000000348ee00000,0x000000348ef00000] [id=15328]
  0x0000018cd9cd4800 GCTaskThread "GC Thread#7" [stack: 0x000000348ef00000,0x000000348f000000] [id=20044]
  0x0000018cb9cd9800 ConcurrentGCThread "G1 Main Marker" [stack: 0x000000348d600000,0x000000348d700000] [id=13488]
  0x0000018cb9cdb800 ConcurrentGCThread "G1 Conc#0" [stack: 0x000000348d700000,0x000000348d800000] [id=3424]
  0x0000018cdac78800 ConcurrentGCThread "G1 Conc#1" [stack: 0x000000348f000000,0x000000348f100000] [id=24092]
  0x0000018cdac79000 ConcurrentGCThread "G1 Conc#2" [stack: 0x000000348f100000,0x000000348f200000] [id=29520]
  0x0000018cb9d4e800 ConcurrentGCThread "G1 Refine#0" [stack: 0x000000348d800000,0x000000348d900000] [id=12652]
  0x0000018cdaf39800 ConcurrentGCThread "G1 Refine#1" [stack: 0x000000348f300000,0x000000348f400000] [id=25848]
  0x0000018cd76a0800 ConcurrentGCThread "G1 Young RemSet Sampling" [stack: 0x000000348d900000,0x000000348da00000] [id=22972]

Threads with active compile tasks:
C2 CompilerThread0     5429 3117       4       java.lang.invoke.MethodType::makeImpl (108 bytes)
C1 CompilerThread0     5429 3136       3       java.util.regex.Pattern::escape (1323 bytes)

VM state:not at safepoint (normal execution)

VM Mutex/Monitor currently owned by a thread: None

Heap address: 0x00000000e0000000, size: 512 MB, Compressed Oops mode: 32-bit
Narrow klass base: 0x0000000000000000, Narrow klass shift: 3
Compressed class space size: 1073741824 Address: 0x0000000100000000

Heap:
 garbage-first heap   total 120832K, used 45286K [0x00000000e0000000, 0x0000000100000000)
  region size 1024K, 17 young (17408K), 4 survivors (4096K)
 Metaspace       used 42450K, capacity 43618K, committed 43768K, reserved 1087488K
  class space    used 5045K, capacity 5510K, committed 5632K, reserved 1048576K
Heap Regions: E=young(eden), S=young(survivor), O=old, HS=humongous(starts), HC=humongous(continues), CS=collection set, F=free, A=archive, TAMS=top-at-mark-start (previous, next)
|   0|0x00000000e0000000, 0x00000000e0100000, 0x00000000e0100000|100%|HS|  |TAMS 0x00000000e0100000, 0x00000000e0000000| Complete 
|   1|0x00000000e0100000, 0x00000000e0200000, 0x00000000e0200000|100%|HS|  |TAMS 0x00000000e0200000, 0x00000000e0100000| Complete 
|   2|0x00000000e0200000, 0x00000000e0300000, 0x00000000e0300000|100%| O|  |TAMS 0x00000000e0300000, 0x00000000e0200000| Untracked 
|   3|0x00000000e0300000, 0x00000000e0400000, 0x00000000e0400000|100%| O|  |TAMS 0x00000000e0400000, 0x00000000e0300000| Untracked 
|   4|0x00000000e0400000, 0x00000000e0500000, 0x00000000e0500000|100%| O|  |TAMS 0x00000000e0500000, 0x00000000e0400000| Untracked 
|   5|0x00000000e0500000, 0x00000000e0600000, 0x00000000e0600000|100%| O|  |TAMS 0x00000000e0600000, 0x00000000e0500000| Untracked 
|   6|0x00000000e0600000, 0x00000000e0700000, 0x00000000e0700000|100%| O|  |TAMS 0x00000000e0700000, 0x00000000e0600000| Untracked 
|   7|0x00000000e0700000, 0x00000000e0800000, 0x00000000e0800000|100%| O|  |TAMS 0x00000000e0800000, 0x00000000e0700000| Untracked 
|   8|0x00000000e0800000, 0x00000000e0900000, 0x00000000e0900000|100%| O|  |TAMS 0x00000000e0900000, 0x00000000e0800000| Untracked 
|   9|0x00000000e0900000, 0x00000000e0a00000, 0x00000000e0a00000|100%| O|  |TAMS 0x00000000e0a00000, 0x00000000e0900000| Untracked 
|  10|0x00000000e0a00000, 0x00000000e0b00000, 0x00000000e0b00000|100%| O|  |TAMS 0x00000000e0b00000, 0x00000000e0a00000| Untracked 
|  11|0x00000000e0b00000, 0x00000000e0c00000, 0x00000000e0c00000|100%| O|  |TAMS 0x00000000e0c00000, 0x00000000e0b00000| Untracked 
|  12|0x00000000e0c00000, 0x00000000e0d00000, 0x00000000e0d00000|100%| O|  |TAMS 0x00000000e0d00000, 0x00000000e0c00000| Untracked 
|  13|0x00000000e0d00000, 0x00000000e0e00000, 0x00000000e0e00000|100%| O|  |TAMS 0x00000000e0e00000, 0x00000000e0d00000| Untracked 
|  14|0x00000000e0e00000, 0x00000000e0f00000, 0x00000000e0f00000|100%| O|  |TAMS 0x00000000e0f00000, 0x00000000e0e00000| Untracked 
|  15|0x00000000e0f00000, 0x00000000e1000000, 0x00000000e1000000|100%| O|  |TAMS 0x00000000e1000000, 0x00000000e0f00000| Untracked 
|  16|0x00000000e1000000, 0x00000000e1100000, 0x00000000e1100000|100%| O|  |TAMS 0x00000000e1100000, 0x00000000e1000000| Untracked 
|  17|0x00000000e1100000, 0x00000000e1200000, 0x00000000e1200000|100%| O|  |TAMS 0x00000000e1200000, 0x00000000e1100000| Untracked 
|  18|0x00000000e1200000, 0x00000000e1300000, 0x00000000e1300000|100%| O|  |TAMS 0x00000000e1300000, 0x00000000e1200000| Untracked 
|  19|0x00000000e1300000, 0x00000000e1400000, 0x00000000e1400000|100%| O|  |TAMS 0x00000000e1400000, 0x00000000e1300000| Untracked 
|  20|0x00000000e1400000, 0x00000000e1500000, 0x00000000e1500000|100%| O|  |TAMS 0x00000000e1500000, 0x00000000e1400000| Untracked 
|  21|0x00000000e1500000, 0x00000000e1600000, 0x00000000e1600000|100%| O|  |TAMS 0x00000000e1600000, 0x00000000e1500000| Untracked 
|  22|0x00000000e1600000, 0x00000000e1700000, 0x00000000e1700000|100%| O|  |TAMS 0x00000000e1700000, 0x00000000e1600000| Untracked 
|  23|0x00000000e1700000, 0x00000000e1800000, 0x00000000e1800000|100%| O|  |TAMS 0x00000000e1800000, 0x00000000e1700000| Untracked 
|  24|0x00000000e1800000, 0x00000000e18ec800, 0x00000000e1900000| 92%| O|  |TAMS 0x00000000e18ec800, 0x00000000e1800000| Untracked 
|  25|0x00000000e1900000, 0x00000000e1a00000, 0x00000000e1a00000|100%|HS|  |TAMS 0x00000000e1900000, 0x00000000e1900000| Complete 
|  26|0x00000000e1a00000, 0x00000000e1b00000, 0x00000000e1b00000|100%|HC|  |TAMS 0x00000000e1a00000, 0x00000000e1a00000| Complete 
|  27|0x00000000e1b00000, 0x00000000e1c00000, 0x00000000e1c00000|100%|HC|  |TAMS 0x00000000e1b00000, 0x00000000e1b00000| Complete 
|  28|0x00000000e1c00000, 0x00000000e1d00000, 0x00000000e1d00000|100%|HC|  |TAMS 0x00000000e1c00000, 0x00000000e1c00000| Complete 
|  29|0x00000000e1d00000, 0x00000000e1e00000, 0x00000000e1e00000|100%|HC|  |TAMS 0x00000000e1d00000, 0x00000000e1d00000| Complete 
|  30|0x00000000e1e00000, 0x00000000e1e00000, 0x00000000e1f00000|  0%| F|  |TAMS 0x00000000e1e00000, 0x00000000e1e00000| Untracked 
|  31|0x00000000e1f00000, 0x00000000e1f00000, 0x00000000e2000000|  0%| F|  |TAMS 0x00000000e1f00000, 0x00000000e1f00000| Untracked 
|  32|0x00000000e2000000, 0x00000000e2000000, 0x00000000e2100000|  0%| F|  |TAMS 0x00000000e2000000, 0x00000000e2000000| Untracked 
|  33|0x00000000e2100000, 0x00000000e2100000, 0x00000000e2200000|  0%| F|  |TAMS 0x00000000e2100000, 0x00000000e2100000| Untracked 
|  34|0x00000000e2200000, 0x00000000e2200000, 0x00000000e2300000|  0%| F|  |TAMS 0x00000000e2200000, 0x00000000e2200000| Untracked 
|  35|0x00000000e2300000, 0x00000000e2300000, 0x00000000e2400000|  0%| F|  |TAMS 0x00000000e2300000, 0x00000000e2300000| Untracked 
|  36|0x00000000e2400000, 0x00000000e2400000, 0x00000000e2500000|  0%| F|  |TAMS 0x00000000e2400000, 0x00000000e2400000| Untracked 
|  37|0x00000000e2500000, 0x00000000e2500000, 0x00000000e2600000|  0%| F|  |TAMS 0x00000000e2500000, 0x00000000e2500000| Untracked 
|  38|0x00000000e2600000, 0x00000000e2600000, 0x00000000e2700000|  0%| F|  |TAMS 0x00000000e2600000, 0x00000000e2600000| Untracked 
|  39|0x00000000e2700000, 0x00000000e2700000, 0x00000000e2800000|  0%| F|  |TAMS 0x00000000e2700000, 0x00000000e2700000| Untracked 
|  40|0x00000000e2800000, 0x00000000e2800000, 0x00000000e2900000|  0%| F|  |TAMS 0x00000000e2800000, 0x00000000e2800000| Untracked 
|  41|0x00000000e2900000, 0x00000000e2900000, 0x00000000e2a00000|  0%| F|  |TAMS 0x00000000e2900000, 0x00000000e2900000| Untracked 
|  42|0x00000000e2a00000, 0x00000000e2a00000, 0x00000000e2b00000|  0%| F|  |TAMS 0x00000000e2a00000, 0x00000000e2a00000| Untracked 
|  43|0x00000000e2b00000, 0x00000000e2b00000, 0x00000000e2c00000|  0%| F|  |TAMS 0x00000000e2b00000, 0x00000000e2b00000| Untracked 
|  44|0x00000000e2c00000, 0x00000000e2c00000, 0x00000000e2d00000|  0%| F|  |TAMS 0x00000000e2c00000, 0x00000000e2c00000| Untracked 
|  45|0x00000000e2d00000, 0x00000000e2d00000, 0x00000000e2e00000|  0%| F|  |TAMS 0x00000000e2d00000, 0x00000000e2d00000| Untracked 
|  46|0x00000000e2e00000, 0x00000000e2e00000, 0x00000000e2f00000|  0%| F|  |TAMS 0x00000000e2e00000, 0x00000000e2e00000| Untracked 
|  47|0x00000000e2f00000, 0x00000000e2f00000, 0x00000000e3000000|  0%| F|  |TAMS 0x00000000e2f00000, 0x00000000e2f00000| Untracked 
|  48|0x00000000e3000000, 0x00000000e3000000, 0x00000000e3100000|  0%| F|  |TAMS 0x00000000e3000000, 0x00000000e3000000| Untracked 
|  49|0x00000000e3100000, 0x00000000e3100000, 0x00000000e3200000|  0%| F|  |TAMS 0x00000000e3100000, 0x00000000e3100000| Untracked 
|  50|0x00000000e3200000, 0x00000000e3200000, 0x00000000e3300000|  0%| F|  |TAMS 0x00000000e3200000, 0x00000000e3200000| Untracked 
|  51|0x00000000e3300000, 0x00000000e3300000, 0x00000000e3400000|  0%| F|  |TAMS 0x00000000e3300000, 0x00000000e3300000| Untracked 
|  52|0x00000000e3400000, 0x00000000e3400000, 0x00000000e3500000|  0%| F|  |TAMS 0x00000000e3400000, 0x00000000e3400000| Untracked 
|  53|0x00000000e3500000, 0x00000000e3500000, 0x00000000e3600000|  0%| F|  |TAMS 0x00000000e3500000, 0x00000000e3500000| Untracked 
|  54|0x00000000e3600000, 0x00000000e3600000, 0x00000000e3700000|  0%| F|  |TAMS 0x00000000e3600000, 0x00000000e3600000| Untracked 
|  55|0x00000000e3700000, 0x00000000e3700000, 0x00000000e3800000|  0%| F|  |TAMS 0x00000000e3700000, 0x00000000e3700000| Untracked 
|  56|0x00000000e3800000, 0x00000000e3800000, 0x00000000e3900000|  0%| F|  |TAMS 0x00000000e3800000, 0x00000000e3800000| Untracked 
|  57|0x00000000e3900000, 0x00000000e3900000, 0x00000000e3a00000|  0%| F|  |TAMS 0x00000000e3900000, 0x00000000e3900000| Untracked 
|  58|0x00000000e3a00000, 0x00000000e3a00000, 0x00000000e3b00000|  0%| F|  |TAMS 0x00000000e3a00000, 0x00000000e3a00000| Untracked 
|  59|0x00000000e3b00000, 0x00000000e3b00000, 0x00000000e3c00000|  0%| F|  |TAMS 0x00000000e3b00000, 0x00000000e3b00000| Untracked 
|  60|0x00000000e3c00000, 0x00000000e3c00000, 0x00000000e3d00000|  0%| F|  |TAMS 0x00000000e3c00000, 0x00000000e3c00000| Untracked 
|  61|0x00000000e3d00000, 0x00000000e3d00000, 0x00000000e3e00000|  0%| F|  |TAMS 0x00000000e3d00000, 0x00000000e3d00000| Untracked 
|  62|0x00000000e3e00000, 0x00000000e3e00000, 0x00000000e3f00000|  0%| F|  |TAMS 0x00000000e3e00000, 0x00000000e3e00000| Untracked 
|  63|0x00000000e3f00000, 0x00000000e3f4d030, 0x00000000e4000000| 30%| S|CS|TAMS 0x00000000e3f00000, 0x00000000e3f00000| Complete 
|  64|0x00000000e4000000, 0x00000000e4100000, 0x00000000e4100000|100%| S|CS|TAMS 0x00000000e4000000, 0x00000000e4000000| Complete 
|  65|0x00000000e4100000, 0x00000000e4200000, 0x00000000e4200000|100%| S|CS|TAMS 0x00000000e4100000, 0x00000000e4100000| Complete 
|  66|0x00000000e4200000, 0x00000000e4300000, 0x00000000e4300000|100%| S|CS|TAMS 0x00000000e4200000, 0x00000000e4200000| Complete 
|  67|0x00000000e4300000, 0x00000000e4300000, 0x00000000e4400000|  0%| F|  |TAMS 0x00000000e4300000, 0x00000000e4300000| Untracked 
|  68|0x00000000e4400000, 0x00000000e4400000, 0x00000000e4500000|  0%| F|  |TAMS 0x00000000e4400000, 0x00000000e4400000| Untracked 
|  69|0x00000000e4500000, 0x00000000e4500000, 0x00000000e4600000|  0%| F|  |TAMS 0x00000000e4500000, 0x00000000e4500000| Untracked 
|  70|0x00000000e4600000, 0x00000000e4600000, 0x00000000e4700000|  0%| F|  |TAMS 0x00000000e4600000, 0x00000000e4600000| Untracked 
|  71|0x00000000e4700000, 0x00000000e4700000, 0x00000000e4800000|  0%| F|  |TAMS 0x00000000e4700000, 0x00000000e4700000| Untracked 
|  72|0x00000000e4800000, 0x00000000e4800000, 0x00000000e4900000|  0%| F|  |TAMS 0x00000000e4800000, 0x00000000e4800000| Untracked 
|  73|0x00000000e4900000, 0x00000000e4900000, 0x00000000e4a00000|  0%| F|  |TAMS 0x00000000e4900000, 0x00000000e4900000| Untracked 
|  74|0x00000000e4a00000, 0x00000000e4a00000, 0x00000000e4b00000|  0%| F|  |TAMS 0x00000000e4a00000, 0x00000000e4a00000| Untracked 
|  75|0x00000000e4b00000, 0x00000000e4b00000, 0x00000000e4c00000|  0%| F|  |TAMS 0x00000000e4b00000, 0x00000000e4b00000| Untracked 
|  76|0x00000000e4c00000, 0x00000000e4c00000, 0x00000000e4d00000|  0%| F|  |TAMS 0x00000000e4c00000, 0x00000000e4c00000| Untracked 
|  77|0x00000000e4d00000, 0x00000000e4d00000, 0x00000000e4e00000|  0%| F|  |TAMS 0x00000000e4d00000, 0x00000000e4d00000| Untracked 
|  78|0x00000000e4e00000, 0x00000000e4e00000, 0x00000000e4f00000|  0%| F|  |TAMS 0x00000000e4e00000, 0x00000000e4e00000| Untracked 
|  79|0x00000000e4f00000, 0x00000000e4f00000, 0x00000000e5000000|  0%| F|  |TAMS 0x00000000e4f00000, 0x00000000e4f00000| Untracked 
|  80|0x00000000e5000000, 0x00000000e5000000, 0x00000000e5100000|  0%| F|  |TAMS 0x00000000e5000000, 0x00000000e5000000| Untracked 
|  81|0x00000000e5100000, 0x00000000e5100000, 0x00000000e5200000|  0%| F|  |TAMS 0x00000000e5100000, 0x00000000e5100000| Untracked 
|  82|0x00000000e5200000, 0x00000000e5200000, 0x00000000e5300000|  0%| F|  |TAMS 0x00000000e5200000, 0x00000000e5200000| Untracked 
|  83|0x00000000e5300000, 0x00000000e5300000, 0x00000000e5400000|  0%| F|  |TAMS 0x00000000e5300000, 0x00000000e5300000| Untracked 
|  84|0x00000000e5400000, 0x00000000e5400000, 0x00000000e5500000|  0%| F|  |TAMS 0x00000000e5400000, 0x00000000e5400000| Untracked 
|  85|0x00000000e5500000, 0x00000000e5500000, 0x00000000e5600000|  0%| F|  |TAMS 0x00000000e5500000, 0x00000000e5500000| Untracked 
|  86|0x00000000e5600000, 0x00000000e5600000, 0x00000000e5700000|  0%| F|  |TAMS 0x00000000e5600000, 0x00000000e5600000| Untracked 
|  87|0x00000000e5700000, 0x00000000e5700000, 0x00000000e5800000|  0%| F|  |TAMS 0x00000000e5700000, 0x00000000e5700000| Untracked 
|  88|0x00000000e5800000, 0x00000000e5800000, 0x00000000e5900000|  0%| F|  |TAMS 0x00000000e5800000, 0x00000000e5800000| Untracked 
|  89|0x00000000e5900000, 0x00000000e5900000, 0x00000000e5a00000|  0%| F|  |TAMS 0x00000000e5900000, 0x00000000e5900000| Untracked 
|  90|0x00000000e5a00000, 0x00000000e5a00000, 0x00000000e5b00000|  0%| F|  |TAMS 0x00000000e5a00000, 0x00000000e5a00000| Untracked 
|  91|0x00000000e5b00000, 0x00000000e5b00000, 0x00000000e5c00000|  0%| F|  |TAMS 0x00000000e5b00000, 0x00000000e5b00000| Untracked 
|  92|0x00000000e5c00000, 0x00000000e5c00000, 0x00000000e5d00000|  0%| F|  |TAMS 0x00000000e5c00000, 0x00000000e5c00000| Untracked 
|  93|0x00000000e5d00000, 0x00000000e5d00000, 0x00000000e5e00000|  0%| F|  |TAMS 0x00000000e5d00000, 0x00000000e5d00000| Untracked 
|  94|0x00000000e5e00000, 0x00000000e5e00000, 0x00000000e5f00000|  0%| F|  |TAMS 0x00000000e5e00000, 0x00000000e5e00000| Untracked 
|  95|0x00000000e5f00000, 0x00000000e5f00000, 0x00000000e6000000|  0%| F|  |TAMS 0x00000000e5f00000, 0x00000000e5f00000| Untracked 
|  96|0x00000000e6000000, 0x00000000e6000000, 0x00000000e6100000|  0%| F|  |TAMS 0x00000000e6000000, 0x00000000e6000000| Untracked 
|  97|0x00000000e6100000, 0x00000000e6100000, 0x00000000e6200000|  0%| F|  |TAMS 0x00000000e6100000, 0x00000000e6100000| Untracked 
|  98|0x00000000e6200000, 0x00000000e6200000, 0x00000000e6300000|  0%| F|  |TAMS 0x00000000e6200000, 0x00000000e6200000| Untracked 
|  99|0x00000000e6300000, 0x00000000e6300000, 0x00000000e6400000|  0%| F|  |TAMS 0x00000000e6300000, 0x00000000e6300000| Untracked 
| 100|0x00000000e6400000, 0x00000000e6400000, 0x00000000e6500000|  0%| F|  |TAMS 0x00000000e6400000, 0x00000000e6400000| Untracked 
| 101|0x00000000e6500000, 0x00000000e6500000, 0x00000000e6600000|  0%| F|  |TAMS 0x00000000e6500000, 0x00000000e6500000| Untracked 
| 102|0x00000000e6600000, 0x00000000e6600000, 0x00000000e6700000|  0%| F|  |TAMS 0x00000000e6600000, 0x00000000e6600000| Untracked 
| 103|0x00000000e6700000, 0x00000000e6700000, 0x00000000e6800000|  0%| F|  |TAMS 0x00000000e6700000, 0x00000000e6700000| Untracked 
| 104|0x00000000e6800000, 0x00000000e6800000, 0x00000000e6900000|  0%| F|  |TAMS 0x00000000e6800000, 0x00000000e6800000| Untracked 
| 105|0x00000000e6900000, 0x00000000e6a00000, 0x00000000e6a00000|100%| E|  |TAMS 0x00000000e6900000, 0x00000000e6900000| Complete 
| 106|0x00000000e6a00000, 0x00000000e6b00000, 0x00000000e6b00000|100%| E|CS|TAMS 0x00000000e6a00000, 0x00000000e6a00000| Complete 
| 107|0x00000000e6b00000, 0x00000000e6c00000, 0x00000000e6c00000|100%| E|CS|TAMS 0x00000000e6b00000, 0x00000000e6b00000| Complete 
| 108|0x00000000e6c00000, 0x00000000e6d00000, 0x00000000e6d00000|100%| E|CS|TAMS 0x00000000e6c00000, 0x00000000e6c00000| Complete 
| 109|0x00000000e6d00000, 0x00000000e6e00000, 0x00000000e6e00000|100%| E|CS|TAMS 0x00000000e6d00000, 0x00000000e6d00000| Complete 
| 110|0x00000000e6e00000, 0x00000000e6f00000, 0x00000000e6f00000|100%| E|CS|TAMS 0x00000000e6e00000, 0x00000000e6e00000| Complete 
| 111|0x00000000e6f00000, 0x00000000e7000000, 0x00000000e7000000|100%| E|CS|TAMS 0x00000000e6f00000, 0x00000000e6f00000| Complete 
| 112|0x00000000e7000000, 0x00000000e7100000, 0x00000000e7100000|100%| E|CS|TAMS 0x00000000e7000000, 0x00000000e7000000| Complete 
| 113|0x00000000e7100000, 0x00000000e7200000, 0x00000000e7200000|100%| E|CS|TAMS 0x00000000e7100000, 0x00000000e7100000| Complete 
| 114|0x00000000e7200000, 0x00000000e7300000, 0x00000000e7300000|100%| E|  |TAMS 0x00000000e7200000, 0x00000000e7200000| Complete 
| 115|0x00000000e7300000, 0x00000000e7400000, 0x00000000e7400000|100%| E|CS|TAMS 0x00000000e7300000, 0x00000000e7300000| Complete 
| 116|0x00000000e7400000, 0x00000000e7500000, 0x00000000e7500000|100%| E|CS|TAMS 0x00000000e7400000, 0x00000000e7400000| Complete 
| 117|0x00000000e7500000, 0x00000000e7600000, 0x00000000e7600000|100%| E|CS|TAMS 0x00000000e7500000, 0x00000000e7500000| Complete 

Card table byte_map: [0x0000018cd39b0000,0x0000018cd3ab0000] _byte_map_base: 0x0000018cd32b0000

Marking Bits (Prev, Next): (CMBitMap*) 0x0000018cb9cd6ce8, (CMBitMap*) 0x0000018cb9cd6d20
 Prev Bits: [0x0000018cd3bb0000, 0x0000018cd43b0000)
 Next Bits: [0x0000018cd43b0000, 0x0000018cd4bb0000)

Polling page: 0x0000018cb9d50000

Metaspace:

Usage:
  Non-class:     37.28 MB capacity,    36.55 MB ( 98%) used,   620.80 KB (  2%) free+waste,   126.56 KB ( <1%) overhead. 
      Class:      5.38 MB capacity,     4.93 MB ( 92%) used,   398.30 KB (  7%) free+waste,    61.69 KB (  1%) overhead. 
       Both:     42.66 MB capacity,    41.48 MB ( 97%) used,  1019.09 KB (  2%) free+waste,   188.25 KB ( <1%) overhead. 

Virtual space:
  Non-class space:       38.00 MB reserved,      37.49 MB ( 99%) committed 
      Class space:        1.00 GB reserved,       5.50 MB ( <1%) committed 
             Both:        1.04 GB reserved,      42.99 MB (  4%) committed 

Chunk freelists:
   Non-Class:  28.00 KB
       Class:  26.00 KB
        Both:  54.00 KB

MaxMetaspaceSize: 17179869184.00 GB
CompressedClassSpaceSize: 1.00 GB
Initial GC threshold: 20.80 MB
Current GC threshold: 58.53 MB
CDS: off

CodeHeap 'non-profiled nmethods': size=120000Kb used=1487Kb max_used=1487Kb free=118512Kb
 bounds [0x0000018ccb6c0000, 0x0000018ccb930000, 0x0000018cd2bf0000]
CodeHeap 'profiled nmethods': size=120000Kb used=6500Kb max_used=6500Kb free=113499Kb
 bounds [0x0000018cc4190000, 0x0000018cc47f0000, 0x0000018ccb6c0000]
CodeHeap 'non-nmethods': size=5760Kb used=1278Kb max_used=1311Kb free=4481Kb
 bounds [0x0000018cc3bf0000, 0x0000018cc3e60000, 0x0000018cc4190000]
 total_blobs=3676 nmethods=3111 adapters=477
 compilation: enabled
              stopped_count=0, restarted_count=0
 full_count=0

Compilation events (20 events):
Event: 5.387 Thread 0x0000018cd8217000 nmethod 3125 0x0000018cc47e3890 code [0x0000018cc47e3a60, 0x0000018cc47e3c08]
Event: 5.387 Thread 0x0000018cd8217000 3126       1       com.sun.org.apache.xerces.internal.util.Status::isExceptional (5 bytes)
Event: 5.387 Thread 0x0000018cd8217000 nmethod 3126 0x0000018ccb830c90 code [0x0000018ccb830e40, 0x0000018ccb830ef8]
Event: 5.388 Thread 0x0000018cd8217000 3127       3       jdk.internal.loader.ClassLoaders::platformClassLoader (4 bytes)
Event: 5.388 Thread 0x0000018cd8217000 nmethod 3127 0x0000018cc47e3d10 code [0x0000018cc47e3ec0, 0x0000018cc47e3fb8]
Event: 5.389 Thread 0x0000018cd820c000 nmethod 3103 0x0000018ccb830f90 code [0x0000018ccb8311e0, 0x0000018ccb832d50]
Event: 5.389 Thread 0x0000018cd820c000 3116       4       java.nio.Buffer::limit (65 bytes)
Event: 5.390 Thread 0x0000018cd820c000 nmethod 3116 0x0000018ccb833a10 code [0x0000018ccb833ba0, 0x0000018ccb833c78]
Event: 5.390 Thread 0x0000018cd820c000 3117       4       java.lang.invoke.MethodType::makeImpl (108 bytes)
Event: 5.393 Thread 0x0000018cd8217000 3129       3       com.sun.org.apache.xerces.internal.impl.XMLScanner::setFeature (32 bytes)
Event: 5.394 Thread 0x0000018cd8217000 nmethod 3129 0x0000018cc47e4010 code [0x0000018cc47e41e0, 0x0000018cc47e4418]
Event: 5.395 Thread 0x0000018cd8217000 3130       3       java.util.Arrays::fill (28 bytes)
Event: 5.396 Thread 0x0000018cd8217000 nmethod 3130 0x0000018cc47e4510 code [0x0000018cc47e46e0, 0x0000018cc47e48e8]
Event: 5.403 Thread 0x0000018cd8217000 3132       3       com.sun.org.apache.xerces.internal.util.XMLChar::isContent (35 bytes)
Event: 5.403 Thread 0x0000018cd8217000 nmethod 3132 0x0000018cc47e4a10 code [0x0000018cc47e4bc0, 0x0000018cc47e4dd8]
Event: 5.407 Thread 0x0000018cd8217000 3133       3       java.util.regex.Pattern$Slice::match (79 bytes)
Event: 5.407 Thread 0x0000018cd8217000 nmethod 3133 0x0000018cc47e4e90 code [0x0000018cc47e5080, 0x0000018cc47e54d8]
Event: 5.407 Thread 0x0000018cd8217000 3134       3       java.util.regex.Pattern::append (39 bytes)
Event: 5.407 Thread 0x0000018cd8217000 nmethod 3134 0x0000018cc47e5690 code [0x0000018cc47e5860, 0x0000018cc47e5ba8]
Event: 5.409 Thread 0x0000018cd8217000 3135       3       java.lang.Character::codePointAt (51 bytes)

GC Heap History (16 events):
Event: 0.511 GC heap before
{Heap before GC invocations=0 (full 0):
 garbage-first heap   total 120832K, used 26624K [0x00000000e0000000, 0x0000000100000000)
  region size 1024K, 24 young (24576K), 0 survivors (0K)
 Metaspace       used 11575K, capacity 11851K, committed 12032K, reserved 1060864K
  class space    used 1161K, capacity 1278K, committed 1280K, reserved 1048576K
}
Event: 0.520 GC heap after
{Heap after GC invocations=1 (full 0):
 garbage-first heap   total 120832K, used 14948K [0x00000000e0000000, 0x0000000100000000)
  region size 1024K, 3 young (3072K), 3 survivors (3072K)
 Metaspace       used 11575K, capacity 11851K, committed 12032K, reserved 1060864K
  class space    used 1161K, capacity 1278K, committed 1280K, reserved 1048576K
}
Event: 0.834 GC heap before
{Heap before GC invocations=1 (full 0):
 garbage-first heap   total 120832K, used 31332K [0x00000000e0000000, 0x0000000100000000)
  region size 1024K, 19 young (19456K), 3 survivors (3072K)
 Metaspace       used 14146K, capacity 14478K, committed 14720K, reserved 1062912K
  class space    used 1528K, capacity 1648K, committed 1664K, reserved 1048576K
}
Event: 0.836 GC heap after
{Heap after GC invocations=2 (full 0):
 garbage-first heap   total 120832K, used 15638K [0x00000000e0000000, 0x0000000100000000)
  region size 1024K, 1 young (1024K), 1 survivors (1024K)
 Metaspace       used 14146K, capacity 14478K, committed 14720K, reserved 1062912K
  class space    used 1528K, capacity 1648K, committed 1664K, reserved 1048576K
}
Event: 1.126 GC heap before
{Heap before GC invocations=2 (full 0):
 garbage-first heap   total 120832K, used 53526K [0x00000000e0000000, 0x0000000100000000)
  region size 1024K, 38 young (38912K), 1 survivors (1024K)
 Metaspace       used 17712K, capacity 18288K, committed 18432K, reserved 1064960K
  class space    used 2006K, capacity 2206K, committed 2304K, reserved 1048576K
}
Event: 1.129 GC heap after
{Heap after GC invocations=3 (full 0):
 garbage-first heap   total 120832K, used 16503K [0x00000000e0000000, 0x0000000100000000)
  region size 1024K, 2 young (2048K), 2 survivors (2048K)
 Metaspace       used 17712K, capacity 18288K, committed 18432K, reserved 1064960K
  class space    used 2006K, capacity 2206K, committed 2304K, reserved 1048576K
}
Event: 1.344 GC heap before
{Heap before GC invocations=3 (full 0):
 garbage-first heap   total 120832K, used 47223K [0x00000000e0000000, 0x0000000100000000)
  region size 1024K, 33 young (33792K), 2 survivors (2048K)
 Metaspace       used 20519K, capacity 21121K, committed 21248K, reserved 1069056K
  class space    used 2344K, capacity 2555K, committed 2560K, reserved 1048576K
}
Event: 1.347 GC heap after
{Heap after GC invocations=4 (full 0):
 garbage-first heap   total 120832K, used 16966K [0x00000000e0000000, 0x0000000100000000)
  region size 1024K, 2 young (2048K), 2 survivors (2048K)
 Metaspace       used 20519K, capacity 21121K, committed 21248K, reserved 1069056K
  class space    used 2344K, capacity 2555K, committed 2560K, reserved 1048576K
}
Event: 1.768 GC heap before
{Heap before GC invocations=5 (full 0):
 garbage-first heap   total 120832K, used 65094K [0x00000000e0000000, 0x0000000100000000)
  region size 1024K, 49 young (50176K), 2 survivors (2048K)
 Metaspace       used 26071K, capacity 26807K, committed 26880K, reserved 1073152K
  class space    used 3024K, capacity 3317K, committed 3328K, reserved 1048576K
}
Event: 1.772 GC heap after
{Heap after GC invocations=6 (full 0):
 garbage-first heap   total 120832K, used 18610K [0x00000000e0000000, 0x0000000100000000)
  region size 1024K, 4 young (4096K), 4 survivors (4096K)
 Metaspace       used 26071K, capacity 26807K, committed 26880K, reserved 1073152K
  class space    used 3024K, capacity 3317K, committed 3328K, reserved 1048576K
}
Event: 2.134 GC heap before
{Heap before GC invocations=6 (full 0):
 garbage-first heap   total 120832K, used 72882K [0x00000000e0000000, 0x0000000100000000)
  region size 1024K, 57 young (58368K), 4 survivors (4096K)
 Metaspace       used 30278K, capacity 31130K, committed 31232K, reserved 1077248K
  class space    used 3483K, capacity 3801K, committed 3840K, reserved 1048576K
}
Event: 2.143 GC heap after
{Heap after GC invocations=7 (full 0):
 garbage-first heap   total 120832K, used 25463K [0x00000000e0000000, 0x0000000100000000)
  region size 1024K, 8 young (8192K), 8 survivors (8192K)
 Metaspace       used 30278K, capacity 31130K, committed 31232K, reserved 1077248K
  class space    used 3483K, capacity 3801K, committed 3840K, reserved 1048576K
}
Event: 2.429 GC heap before
{Heap before GC invocations=7 (full 0):
 garbage-first heap   total 120832K, used 64375K [0x00000000e0000000, 0x0000000100000000)
  region size 1024K, 47 young (48128K), 8 survivors (8192K)
 Metaspace       used 34532K, capacity 35335K, committed 35584K, reserved 1081344K
  class space    used 4013K, capacity 4331K, committed 4352K, reserved 1048576K
}
Event: 2.440 GC heap after
{Heap after GC invocations=8 (full 0):
 garbage-first heap   total 120832K, used 28075K [0x00000000e0000000, 0x0000000100000000)
  region size 1024K, 3 young (3072K), 3 survivors (3072K)
 Metaspace       used 34532K, capacity 35335K, committed 35584K, reserved 1081344K
  class space    used 4013K, capacity 4331K, committed 4352K, reserved 1048576K
}
Event: 3.570 GC heap before
{Heap before GC invocations=9 (full 0):
 garbage-first heap   total 120832K, used 82347K [0x00000000e0000000, 0x0000000100000000)
  region size 1024K, 51 young (52224K), 3 survivors (3072K)
 Metaspace       used 38776K, capacity 39831K, committed 39928K, reserved 1083392K
  class space    used 4629K, capacity 5048K, committed 5120K, reserved 1048576K
}
Event: 3.574 GC heap after
{Heap after GC invocations=10 (full 0):
 garbage-first heap   total 120832K, used 34022K [0x00000000e0000000, 0x0000000100000000)
  region size 1024K, 4 young (4096K), 4 survivors (4096K)
 Metaspace       used 38776K, capacity 39831K, committed 39928K, reserved 1083392K
  class space    used 4629K, capacity 5048K, committed 5120K, reserved 1048576K
}

Deoptimization events (20 events):
Event: 2.364 Thread 0x0000018cb9cae000 Uncommon trap: trap_request=0xffffff4d fr.pc=0x0000018ccb756440 relative=0x0000000000000580
Event: 2.364 Thread 0x0000018cb9cae000 Uncommon trap: reason=unstable_if action=reinterpret pc=0x0000018ccb756440 method=java.lang.String.replace(CC)Ljava/lang/String; @ 2 c2
Event: 2.364 Thread 0x0000018cb9cae000 DEOPT PACKING pc=0x0000018ccb756440 sp=0x000000348d4fbbe0
Event: 2.364 Thread 0x0000018cb9cae000 DEOPT UNPACKING pc=0x0000018cc3c3a1af sp=0x000000348d4fbba0 mode 2
Event: 2.746 Thread 0x0000018cdb27a800 Uncommon trap: trap_request=0xffffff4d fr.pc=0x0000018ccb6d2164 relative=0x0000000000000044
Event: 2.746 Thread 0x0000018cdb27a800 Uncommon trap: reason=unstable_if action=reinterpret pc=0x0000018ccb6d2164 method=java.lang.CharacterData.of(I)Ljava/lang/CharacterData; @ 4 c2
Event: 2.746 Thread 0x0000018cdb27a800 DEOPT PACKING pc=0x0000018ccb6d2164 sp=0x000000348fcfd940
Event: 2.746 Thread 0x0000018cdb27a800 DEOPT UNPACKING pc=0x0000018cc3c3a1af sp=0x000000348fcfd8d8 mode 2
Event: 3.602 Thread 0x0000018cb9cae000 Uncommon trap: trap_request=0xffffff4d fr.pc=0x0000018ccb7fbe24 relative=0x0000000000000944
Event: 3.602 Thread 0x0000018cb9cae000 Uncommon trap: reason=unstable_if action=reinterpret pc=0x0000018ccb7fbe24 method=jdk.internal.org.objectweb.asm.Item.isEqualTo(Ljdk/internal/org/objectweb/asm/Item;)Z @ 331 c2
Event: 3.602 Thread 0x0000018cb9cae000 DEOPT PACKING pc=0x0000018ccb7fbe24 sp=0x000000348d4fa0c0
Event: 3.602 Thread 0x0000018cb9cae000 DEOPT UNPACKING pc=0x0000018cc3c3a1af sp=0x000000348d4fa050 mode 2
Event: 3.623 Thread 0x0000018cdb27a800 Uncommon trap: trap_request=0xffffff4d fr.pc=0x0000018ccb79e1d4 relative=0x0000000000000234
Event: 3.623 Thread 0x0000018cdb27a800 Uncommon trap: reason=unstable_if action=reinterpret pc=0x0000018ccb79e1d4 method=java.io.ByteArrayInputStream.read()I @ 8 c2
Event: 3.623 Thread 0x0000018cdb27a800 DEOPT PACKING pc=0x0000018ccb79e1d4 sp=0x000000348fcfe9b0
Event: 3.623 Thread 0x0000018cdb27a800 DEOPT UNPACKING pc=0x0000018cc3c3a1af sp=0x000000348fcfe968 mode 2
Event: 5.334 Thread 0x0000018cb9cae000 Uncommon trap: trap_request=0xffffff4d fr.pc=0x0000018ccb7acaf4 relative=0x0000000000000dd4
Event: 5.334 Thread 0x0000018cb9cae000 Uncommon trap: reason=unstable_if action=reinterpret pc=0x0000018ccb7acaf4 method=jdk.internal.org.objectweb.asm.ByteVector.enlarge(I)V @ 17 c2
Event: 5.334 Thread 0x0000018cb9cae000 DEOPT PACKING pc=0x0000018ccb7acaf4 sp=0x000000348d4f9220
Event: 5.334 Thread 0x0000018cb9cae000 DEOPT UNPACKING pc=0x0000018cc3c3a1af sp=0x000000348d4f90f0 mode 2

Classes redefined (0 events):
No events

Internal exceptions (20 events):
Event: 2.353 Thread 0x0000018cb9cae000 Exception <a 'java/lang/IncompatibleClassChangeError'{0x00000000e53a7510}: Found class java.lang.Object, but interface was expected> (0x00000000e53a7510) thrown at [s\src\hotspot\share\interpreter\linkResolver.cpp, line 839]
Event: 2.374 Thread 0x0000018cda937800 Exception <a 'java/lang/NoSuchMethodError'{0x00000000e5037bb0}: 'void java.lang.invoke.DirectMethodHandle$Holder.invokeStatic(java.lang.Object, long)'> (0x00000000e5037bb0) thrown at [s\src\hotspot\share\interpreter\linkResolver.cpp, line 773]
Event: 2.375 Thread 0x0000018cda937800 Exception <a 'java/lang/NoSuchMethodError'{0x00000000e503cb20}: 'java.lang.Object java.lang.invoke.DirectMethodHandle$Holder.invokeStatic(java.lang.Object, long)'> (0x00000000e503cb20) thrown at [s\src\hotspot\share\interpreter\linkResolver.cpp, line 773]
Event: 2.377 Thread 0x0000018cda937800 Exception <a 'java/lang/NoSuchMethodError'{0x00000000e504a858}: 'java.lang.Object java.lang.invoke.DirectMethodHandle$Holder.invokeStaticInit(java.lang.Object, java.lang.Object, long, java.lang.Object)'> (0x00000000e504a858) thrown at [s\src\hotspot\share\interpreter\linkResolver.cpp, line 773]
Event: 2.378 Thread 0x0000018cda937800 Exception <a 'java/lang/NoSuchMethodError'{0x00000000e50502c0}: 'java.lang.Object java.lang.invoke.DirectMethodHandle$Holder.invokeStatic(java.lang.Object, java.lang.Object, long)'> (0x00000000e50502c0) thrown at [s\src\hotspot\share\interpreter\linkResolver.cpp, line 773]
Event: 2.378 Thread 0x0000018cda937800 Exception <a 'java/lang/NoSuchMethodError'{0x00000000e5056590}: 'java.lang.Object java.lang.invoke.Invokers$Holder.linkToTargetMethod(java.lang.Object, long, java.lang.Object)'> (0x00000000e5056590) thrown at [s\src\hotspot\share\interpreter\linkResolver.cpp, line 773]
Event: 2.464 Thread 0x0000018cb9cae000 Exception <a 'java/lang/NoSuchMethodError'{0x00000000e744e148}: 'double java.lang.invoke.DirectMethodHandle$Holder.invokeVirtual(java.lang.Object, java.lang.Object)'> (0x00000000e744e148) thrown at [s\src\hotspot\share\interpreter\linkResolver.cpp, line 773]
Event: 2.464 Thread 0x0000018cb9cae000 Exception <a 'java/lang/NoSuchMethodError'{0x00000000e74541e8}: 'float java.lang.invoke.DirectMethodHandle$Holder.invokeVirtual(java.lang.Object, java.lang.Object)'> (0x00000000e74541e8) thrown at [s\src\hotspot\share\interpreter\linkResolver.cpp, line 773]
Event: 2.464 Thread 0x0000018cb9cae000 Exception <a 'java/lang/NoSuchMethodError'{0x00000000e745c9f8}: 'long java.lang.invoke.DirectMethodHandle$Holder.invokeVirtual(java.lang.Object, java.lang.Object)'> (0x00000000e745c9f8) thrown at [s\src\hotspot\share\interpreter\linkResolver.cpp, line 773]
Event: 2.482 Thread 0x0000018cb9cae000 Exception <a 'java/lang/NoSuchMethodError'{0x00000000e7218478}: 'void java.lang.invoke.DirectMethodHandle$Holder.invokeStatic(java.lang.Object, java.lang.Object, int)'> (0x00000000e7218478) thrown at [s\src\hotspot\share\interpreter\linkResolver.cpp, line 773]
Event: 2.511 Thread 0x0000018cb9cae000 Exception <a 'java/lang/NoSuchMethodError'{0x00000000e6feaf28}: 'int java.lang.invoke.DirectMethodHandle$Holder.invokeSpecialIFC(java.lang.Object, java.lang.Object, java.lang.Object)'> (0x00000000e6feaf28) thrown at [s\src\hotspot\share\interpreter\linkResolver.cpp, line 773]
Event: 2.559 Thread 0x0000018cb9cae000 Exception <a 'java/lang/NoSuchMethodError'{0x00000000e6744ad8}: 'void java.lang.invoke.DirectMethodHandle$Holder.invokeSpecial(java.lang.Object, java.lang.Object, java.lang.Object, java.lang.Object, java.lang.Object, java.lang.Object)'> (0x00000000e6744ad8) thrown at [s\src\hotspot\share\interpreter\linkResolver.cpp, line 773]
Event: 3.495 Thread 0x0000018cb9cae000 Exception <a 'java/lang/NoSuchMethodError'{0x00000000e497fd68}: 'java.lang.Object java.lang.invoke.DirectMethodHandle$Holder.invokeSpecialIFC(java.lang.Object, java.lang.Object, java.lang.Object)'> (0x00000000e497fd68) thrown at [s\src\hotspot\share\interpreter\linkResolver.cpp, line 773]
Event: 3.606 Thread 0x0000018cb9cae000 Exception <a 'java/lang/ClassNotFoundException'{0x00000000e74cbeb8}: sun/util/logging/resources/spi/loggingProvider> (0x00000000e74cbeb8) thrown at [s\src\hotspot\share\classfile\systemDictionary.cpp, line 230]
Event: 5.328 Thread 0x0000018cb9cae000 Exception <a 'java/lang/NoSuchMethodError'{0x00000000e6ce7c40}: 'int java.lang.invoke.DirectMethodHandle$Holder.invokeStaticInit(java.lang.Object, java.lang.Object, java.lang.Object)'> (0x00000000e6ce7c40) thrown at [s\src\hotspot\share\interpreter\linkResolver.cpp, line 773]
Event: 5.334 Thread 0x0000018cb9cae000 Exception <a 'java/lang/NoSuchMethodError'{0x00000000e6b54240}: 'java.lang.Object java.lang.invoke.DirectMethodHandle$Holder.invokeStatic(java.lang.Object, java.lang.Object, java.lang.Object, java.lang.Object, java.lang.Object, java.lang.Object, java.lang.Object, java.lang.Object, java.lang.Object, java.lang.Object, java.lang.Object, java.lang.Object, java.lang.Object, java.lang.Object, java.lang.Object)'> (0x00000000e6b54240) thrown at [s\src\hotspot\share\interpreter\linkResolver.cpp, line 773]
Event: 5.335 Thread 0x0000018cb9cae000 Exception <a 'java/lang/NoSuchMethodError'{0x00000000e6b62340}: 'java.lang.Object java.lang.invoke.DirectMethodHandle$Holder.invokeStatic(java.lang.Object, java.lang.Object, java.lang.Object, java.lang.Object, java.lang.Object, java.lang.Object, java.lang.Object, java.lang.Object, java.lang.Object, java.lang.Object, java.lang.Object, java.lang.Object, java.lang.Object, java.lang.Object, java.lang.Object, java.lang.Object)'> (0x00000000e6b62340) thrown at [s\src\hotspot\share\interpreter\linkResolver.cpp, l
Event: 5.335 Thread 0x0000018cb9cae000 Exception <a 'java/lang/NoSuchMethodError'{0x00000000e6b70500}: 'java.lang.Object java.lang.invoke.DirectMethodHandle$Holder.invokeSpecial(java.lang.Object, java.lang.Object, int, int, java.lang.Object, java.lang.Object, java.lang.Object)'> (0x00000000e6b70500) thrown at [s\src\hotspot\share\interpreter\linkResolver.cpp, line 773]
Event: 5.335 Thread 0x0000018cb9cae000 Exception <a 'java/lang/NoSuchMethodError'{0x00000000e6b73fe0}: 'java.lang.Object java.lang.invoke.DelegatingMethodHandle$Holder.reinvoke_L(java.lang.Object, int, int, java.lang.Object, java.lang.Object, java.lang.Object)'> (0x00000000e6b73fe0) thrown at [s\src\hotspot\share\interpreter\linkResolver.cpp, line 773]
Event: 5.336 Thread 0x0000018cb9cae000 Exception <a 'java/lang/NoSuchMethodError'{0x00000000e6b78508}: 'java.lang.Object java.lang.invoke.DirectMethodHandle$Holder.invokeStatic(java.lang.Object, java.lang.Object, java.lang.Object, java.lang.Object, int)'> (0x00000000e6b78508) thrown at [s\src\hotspot\share\interpreter\linkResolver.cpp, line 773]

Events (20 events):
Event: 5.406 loading class com/sun/org/apache/xerces/internal/dom/AttrNSImpl done
Event: 5.406 loading class com/sun/org/apache/xerces/internal/dom/DeferredAttrNSImpl done
Event: 5.406 loading class org/apache/poi/openxml4j/opc/PackagingURIHelper
Event: 5.406 loading class org/apache/poi/openxml4j/opc/PackagingURIHelper done
Event: 5.407 loading class org/apache/commons/compress/archivers/zip/ZipArchiveEntry
Event: 5.407 loading class org/apache/commons/compress/archivers/zip/ZipArchiveEntry done
Event: 5.407 loading class org/apache/poi/openxml4j/opc/ZipPackage$EntryTriple
Event: 5.407 loading class org/apache/poi/openxml4j/opc/ZipPackage$EntryTriple done
Event: 5.408 loading class org/apache/commons/compress/archivers/zip/ZipArchiveEntry
Event: 5.408 loading class org/apache/commons/compress/archivers/zip/ZipArchiveEntry done
Event: 5.408 loading class org/apache/poi/openxml4j/opc/ZipPackage
Event: 5.408 loading class org/apache/poi/openxml4j/opc/ZipPackage done
Event: 5.408 loading class org/apache/poi/openxml4j/opc/ZipPackage$EntryTriple
Event: 5.408 loading class org/apache/poi/openxml4j/opc/ZipPackage$EntryTriple done
Event: 5.408 loading class org/apache/poi/openxml4j/opc/ZipPackage$EntryTriple
Event: 5.408 loading class org/apache/poi/openxml4j/opc/ZipPackage$EntryTriple done
Event: 5.408 loading class java/util/stream/SortedOps$RefSortingSink
Event: 5.408 loading class java/util/stream/SortedOps$RefSortingSink done
Event: 5.408 loading class org/apache/poi/openxml4j/opc/ZipPackagePart
Event: 5.408 loading class org/apache/poi/openxml4j/opc/ZipPackagePart done


Dynamic libraries:
0x00007ff7f4000000 - 0x00007ff7f400e000 	C:\Users\jslv3\.jdks\corretto-11.0.25\bin\java.exe
0x00007ffc1c850000 - 0x00007ffc1ca67000 	C:\windows\SYSTEM32\ntdll.dll
0x00007ffc1b890000 - 0x00007ffc1b954000 	C:\windows\System32\KERNEL32.DLL
0x00007ffc19fa0000 - 0x00007ffc1a359000 	C:\windows\System32\KERNELBASE.dll
0x00007ffc19e50000 - 0x00007ffc19f61000 	C:\windows\System32\ucrtbase.dll
0x00007ffbfea60000 - 0x00007ffbfea77000 	C:\Users\jslv3\.jdks\corretto-11.0.25\bin\jli.dll
0x00007ffc153e0000 - 0x00007ffc153fb000 	C:\Users\jslv3\.jdks\corretto-11.0.25\bin\VCRUNTIME140.dll
0x00007ffc1a570000 - 0x00007ffc1a71e000 	C:\windows\System32\USER32.dll
0x00007ffc1a540000 - 0x00007ffc1a566000 	C:\windows\System32\win32u.dll
0x00007ffc07d40000 - 0x00007ffc07fd2000 	C:\windows\WinSxS\amd64_microsoft.windows.common-controls_6595b64144ccf1df_6.0.22621.4391_none_2715d37f73803e96\COMCTL32.dll
0x00007ffc1c160000 - 0x00007ffc1c189000 	C:\windows\System32\GDI32.dll
0x00007ffc19d30000 - 0x00007ffc19e4b000 	C:\windows\System32\gdi32full.dll
0x00007ffc1b2b0000 - 0x00007ffc1b357000 	C:\windows\System32\msvcrt.dll
0x00007ffc19b50000 - 0x00007ffc19bea000 	C:\windows\System32\msvcp_win.dll
0x00007ffc1b210000 - 0x00007ffc1b241000 	C:\windows\System32\IMM32.DLL
0x00007ffc16400000 - 0x00007ffc1640c000 	C:\Users\jslv3\.jdks\corretto-11.0.25\bin\vcruntime140_1.dll
0x00007ffbbe710000 - 0x00007ffbbe79d000 	C:\Users\jslv3\.jdks\corretto-11.0.25\bin\msvcp140.dll
0x00007ffb7f220000 - 0x00007ffb7fde5000 	C:\Users\jslv3\.jdks\corretto-11.0.25\bin\server\jvm.dll
0x00007ffc1b0c0000 - 0x00007ffc1b172000 	C:\windows\System32\ADVAPI32.dll
0x00007ffc1b3b0000 - 0x00007ffc1b457000 	C:\windows\System32\sechost.dll
0x00007ffc19f70000 - 0x00007ffc19f98000 	C:\windows\System32\bcrypt.dll
0x00007ffc1afa0000 - 0x00007ffc1b0b4000 	C:\windows\System32\RPCRT4.dll
0x00007ffc1c630000 - 0x00007ffc1c6a1000 	C:\windows\System32\WS2_32.dll
0x00007ffc1c190000 - 0x00007ffc1c198000 	C:\windows\System32\PSAPI.DLL
0x00007ffc15370000 - 0x00007ffc153a4000 	C:\windows\SYSTEM32\WINMM.dll
0x00007ffc145a0000 - 0x00007ffc145aa000 	C:\windows\SYSTEM32\VERSION.dll
0x00007ffc18b00000 - 0x00007ffc18b18000 	C:\windows\SYSTEM32\kernel.appcore.dll
0x00007ffc154d0000 - 0x00007ffc154e0000 	C:\Users\jslv3\.jdks\corretto-11.0.25\bin\verify.dll
0x00007ffc11960000 - 0x00007ffc11b92000 	C:\windows\SYSTEM32\DBGHELP.DLL
0x00007ffc1bb10000 - 0x00007ffc1be9f000 	C:\windows\System32\combase.dll
0x00007ffc1ba10000 - 0x00007ffc1bae7000 	C:\windows\System32\OLEAUT32.dll
0x00007ffc0d910000 - 0x00007ffc0d942000 	C:\windows\SYSTEM32\dbgcore.DLL
0x00007ffc19bf0000 - 0x00007ffc19c6b000 	C:\windows\System32\bcryptPrimitives.dll
0x00007ffbfe9e0000 - 0x00007ffbfea08000 	C:\Users\jslv3\.jdks\corretto-11.0.25\bin\java.dll
0x00007ffc15480000 - 0x00007ffc1548a000 	C:\Users\jslv3\.jdks\corretto-11.0.25\bin\jimage.dll
0x00007ffbfe970000 - 0x00007ffbfe988000 	C:\Users\jslv3\.jdks\corretto-11.0.25\bin\zip.dll
0x00007ffc1a720000 - 0x00007ffc1af96000 	C:\windows\System32\SHELL32.dll
0x00007ffc17a40000 - 0x00007ffc18343000 	C:\windows\SYSTEM32\windows.storage.dll
0x00007ffc17900000 - 0x00007ffc17a3f000 	C:\windows\SYSTEM32\wintypes.dll
0x00007ffc1c050000 - 0x00007ffc1c149000 	C:\windows\System32\SHCORE.dll
0x00007ffc1b250000 - 0x00007ffc1b2ae000 	C:\windows\System32\shlwapi.dll
0x00007ffc19a80000 - 0x00007ffc19aab000 	C:\windows\SYSTEM32\profapi.dll
0x00007ffbfdc50000 - 0x00007ffbfdc69000 	C:\Users\jslv3\.jdks\corretto-11.0.25\bin\net.dll
0x00007ffc166c0000 - 0x00007ffc167f6000 	C:\windows\SYSTEM32\WINHTTP.dll
0x00007ffc18fe0000 - 0x00007ffc19049000 	C:\windows\system32\mswsock.dll
0x00007ffbfb710000 - 0x00007ffbfb722000 	C:\Users\jslv3\.jdks\corretto-11.0.25\bin\nio.dll
0x00007ffc19240000 - 0x00007ffc1925b000 	C:\windows\SYSTEM32\CRYPTSP.dll
0x00007ffc18ac0000 - 0x00007ffc18af5000 	C:\windows\system32\rsaenh.dll
0x00007ffc190e0000 - 0x00007ffc19108000 	C:\windows\SYSTEM32\USERENV.dll
0x00007ffc19260000 - 0x00007ffc1926c000 	C:\windows\SYSTEM32\CRYPTBASE.dll
0x00007ffc185b0000 - 0x00007ffc185dd000 	C:\windows\SYSTEM32\IPHLPAPI.DLL
0x00007ffc1c150000 - 0x00007ffc1c159000 	C:\windows\System32\NSI.dll
0x00007ffc157c0000 - 0x00007ffc157d9000 	C:\windows\SYSTEM32\dhcpcsvc6.DLL
0x00007ffc157a0000 - 0x00007ffc157bf000 	C:\windows\SYSTEM32\dhcpcsvc.DLL
0x00007ffc185e0000 - 0x00007ffc186e2000 	C:\windows\SYSTEM32\DNSAPI.dll
0x00007ffbd6960000 - 0x00007ffbd6987000 	C:\Users\jslv3\.jdks\corretto-11.0.25\bin\sunec.dll
0x0000000057760000 - 0x000000005776b000 	C:\Program Files\National Instruments\Shared\mDNS Responder\nimdnsNSP.dll
0x0000000057740000 - 0x0000000057751000 	C:\windows\SYSTEM32\nimdnsResponder.dll
0x00007ffc155a0000 - 0x00007ffc155aa000 	C:\Windows\System32\rasadhlp.dll
0x00007ffc15240000 - 0x00007ffc152c3000 	C:\windows\System32\fwpuclnt.dll
0x00007ffc148e0000 - 0x00007ffc148e9000 	C:\Users\jslv3\.jdks\corretto-11.0.25\bin\management.dll
0x00007ffc03320000 - 0x00007ffc0332b000 	C:\Users\jslv3\.jdks\corretto-11.0.25\bin\management_ext.dll

dbghelp: loaded successfully - version: 4.0.5 - missing functions: none
symbol engine: initialized successfully - sym options: 0x614 - pdb path: .;C:\Users\jslv3\.jdks\corretto-11.0.25\bin;C:\windows\SYSTEM32;C:\windows\WinSxS\amd64_microsoft.windows.common-controls_6595b64144ccf1df_6.0.22621.4391_none_2715d37f73803e96;C:\Users\jslv3\.jdks\corretto-11.0.25\bin\server;C:\Program Files\National Instruments\Shared\mDNS Responder

VM Arguments:
jvm_args: -Dawt.toolkit=sun.awt.windows.WToolkit -Dcucumber.filter.tags -Dfile.separator=\ -Didea.active=true -Didea.vendor.name=JetBrains -Didea.version=2024.2.4 -Djava.awt.graphicsenv=sun.awt.Win32GraphicsEnvironment -Djava.awt.printerjob=sun.awt.windows.WPrinterJob -Djava.class.version=55.0 -Djava.home=C:\Users\jslv3\.jdks\corretto-11.0.25 -Djava.library.path=C:\Users\jslv3\.jdks\corretto-11.0.25\bin;C:\windows\Sun\Java\bin;C:\windows\system32;C:\windows;C:\Program Files (x86)\Common Files\Oracle\Java\java8path;C:\Program Files (x86)\Common Files\Oracle\Java\javapath;C:\Gradle\gradle-8.11\bin;C:\Program Files\Eclipse Adoptium\jdk-21.0.5.11-hotspot\bin;C:\windows\system32;C:\windows;C:\windows\System32\Wbem;C:\windows\System32\WindowsPowerShell\v1.0\;C:\windows\System32\OpenSSH\;C:\Program Files (x86)\NVIDIA Corporation\PhysX\Common;C:\Program Files\NVIDIA Corporation\NVIDIA NvDLISR;C:\Program Files\Microsoft VS Code\bin;C:\Program Files\dotnet\;C:\Program Files\Git\cmd;C:\Users\jslv3\AppData\Local\Programs\Python\Python312\Scripts\;C:\Users\jslv3\AppData\Local\Programs\Python\Python312\;C:\Users\jslv3\AppData\Local\Programs\Python\Launcher\;C:\Users\jslv3\AppData\Local\Microsoft\WindowsApps;C:\Users\jslv3\AppData\Local\gitkraken\bin;C:\Gradle\gradle-8.11\bin;;. -Djava.runtime.name=OpenJDK Runtime Environment -Djava.runtime.version=11.0.25+9-LTS -Djava.specification.maintenance.version=3 -Djava.specification.name=Java Platform API Specification -Djava.specification.vendor=Oracle Corporation -Djava.specification.version=11 -Djava.vendor=Amazon.com Inc. -Djava.vendor.url=https://aws.amazon.com/corretto/ -Djava.vendor.url.bug=https://github.com/corretto/corretto-11/issues/ -Djava.vendor.version=Corretto-11.0.25.9.1 -Djava.version=11.0.25 -Djava.version.date=2024-10-15 -Djava.vm.compressedOopsMode=32-bit -Djava.vm.info=mixed mode -Djava.vm.name=OpenJDK 64-Bit Server VM -Djava.vm.specification.name=Java Virtual Machine Specification -Djava.vm.specification.vendor=Oracle Corporation -Djava.vm.specification.version=11 -Djava.vm.vendor=Amazon.com Inc. -Djava.vm.version=11.0.25+9-LTS -Djdk.debug=release -Dlibrary.jansi.path=C:\Gradle\gradle-8.11\bin\native\jansi\1.18\windows64 -Dline.separator=
 -Dorg.gradle.internal.worker.tmpdir=C:\Dafiti_Automation\build\tmp\test\work -Dos.arch=amd64 -Dos.name=Windows 11 -Dos.version=10.0 -Dpath.separator=; -Dproject.build.directory=C:\Dafiti_Automation -Dsun.arch.data.model=64 -Dsun.boot.library.path=C:\Users\jslv3\.jdks\corretto-11.0.25\bin -Dsun.cpu.endian=little -Dsun.cpu.isalist=amd64 -Dsun.desktop=windows -Dsun.io.unicode.encoding=UnicodeLittle -Dsun.jnu.encoding=Cp1252 -Dsun.management.compiler=HotSpot 64-Bit Tiered Compilers -Dsun.os.patch.level -Duser.dir=C:\Dafiti_Automation -Duser.home=C:\Users\jslv3 -Duser.name=jslv3 -Duser.script -Duser.timezone=America/Bogota -Xmx512m -Dfile.encoding=UTF-8 -Djava.io.tmpdir=C:\Users\jslv3\AppData\Local\Temp\ -Duser.country=CO -Duser.language=es -Duser.variant -ea 
java_command: worker.org.gradle.process.internal.worker.GradleWorkerMain 'Gradle Test Executor 6'
java_class_path (initial): C:\\Gradle\\gradle-8.11\\bin\\caches\\8.8\\workerMain\\gradle-worker.jar;C:\\Dafiti_Automation\\build\\classes\\java\\test;C:\\Dafiti_Automation\\build\\resources\\test;C:\\Dafiti_Automation\\build\\classes\\java\\main;C:\\Gradle\\gradle-8.11\\bin\\caches\\modules-2\\files-2.1\\net.serenity-bdd\\serenity-ensure\\3.2.0\\fef697a82540ac43287b15521b6ec6b2f302ef39\\serenity-ensure-3.2.0.jar;C:\\Gradle\\gradle-8.11\\bin\\caches\\modules-2\\files-2.1\\net.serenity-bdd\\serenity-junit\\3.7.1\\57b570c7eec2da4fbf9275d3886a5aa1550bb3f1\\serenity-junit-3.7.1.jar;C:\\Gradle\\gradle-8.11\\bin\\caches\\modules-2\\files-2.1\\net.serenity-bdd\\serenity-cucumber\\3.7.1\\8353fe3f3fb918d7116f9b7996f114222c5994e0\\serenity-cucumber-3.7.1.jar;C:\\Gradle\\gradle-8.11\\bin\\caches\\modules-2\\files-2.1\\net.serenity-bdd\\serenity-screenplay-webdriver\\3.7.1\\715dea4c4c6589dd9942567aaf8db5375ed28eb\\serenity-screenplay-webdriver-3.7.1.jar;C:\\Gradle\\gradle-8.11\\bin\\caches\\modules-2\\files-2.1\\net.serenity-bdd\\serenity-screenplay\\3.7.1\\cc3b5bf823143f794fd4667f8f0a4b3c81372ed0\\serenity-screenplay-3.7.1.jar;C:\\Gradle\\gradle-8.11\\bin\\caches\\modules-2\\files-2.1\\net.serenity-bdd\\serenity-core\\3.7.1\\a6b59da184c612e3c59a7e4be78f446a0c7204c5\\serenity-core-3.7.1.jar;C:\\Gradle\\gradle-8.11\\bin\\caches\\modules-2\\files-2.1\\org.assertj\\assertj-core\\3.24.2\\ebbf338e33f893139459ce5df023115971c2786f\\assertj-core-3.24.2.jar;C:\\Gradle\\gradle-8.11\\bin\\caches\\modules-2\\files-2.1\\org.apache.poi\\poi-ooxml\\4.1.1\\216d8bb4c064c3a1079e77d693cd60346dd63f38\\poi-ooxml-4.1.1.jar;C:\\Gradle\\gradle-8.11\\bin\\caches\\modules-2\\files-2.1\\org.apache.poi\\poi\\4.1.1\\c915f1a426213a8450fb473b5b3adb63f5ac1017\\poi-4.1.1.jar;C:\\Gradle\\gradle-8.11\\bin\\caches\\modules-2\\files-2.1\\org.slf4j\\slf4j-simple\\1.7.7\\8095d0b9f7e0a9cd79a663c740e0f8fb31d0e2c8\\slf4j-simple-1.7.7.jar;C:\\Gradle\\gradle-8.11\\bin\\caches\\modules-2\\files-2.1\\org.slf4j\\slf4j-nop\
Launcher Type: SUN_STANDARD

[Global flags]
     intx CICompilerCount                          = 4                                         {product} {ergonomic}
     uint ConcGCThreads                            = 3                                         {product} {ergonomic}
     uint G1ConcRefinementThreads                  = 10                                        {product} {ergonomic}
   size_t G1HeapRegionSize                         = 1048576                                   {product} {ergonomic}
    uintx GCDrainStackTargetSize                   = 64                                        {product} {ergonomic}
   size_t InitialHeapSize                          = 123731968                                 {product} {ergonomic}
   size_t MarkStackSize                            = 4194304                                   {product} {ergonomic}
   size_t MaxHeapSize                              = 536870912                                 {product} {command line}
   size_t MaxNewSize                               = 321912832                                 {product} {ergonomic}
   size_t MinHeapDeltaBytes                        = 1048576                                   {product} {ergonomic}
    uintx NonNMethodCodeHeapSize                   = 5836300                                {pd product} {ergonomic}
    uintx NonProfiledCodeHeapSize                  = 122910970                              {pd product} {ergonomic}
    uintx ProfiledCodeHeapSize                     = 122910970                              {pd product} {ergonomic}
    uintx ReservedCodeCacheSize                    = 251658240                              {pd product} {ergonomic}
     bool SegmentedCodeCache                       = true                                      {product} {ergonomic}
     bool UseCompressedClassPointers               = true                                 {lp64_product} {ergonomic}
     bool UseCompressedOops                        = true                                 {lp64_product} {ergonomic}
     bool UseG1GC                                  = true                                      {product} {ergonomic}
     bool UseLargePagesIndividualAllocation        = false                                  {pd product} {ergonomic}

Logging:
Log output configuration:
 #0: stdout all=warning uptime,level,tags
 #1: stderr all=off uptime,level,tags

Environment Variables:
PATH=C:\Program Files (x86)\Common Files\Oracle\Java\java8path;C:\Program Files (x86)\Common Files\Oracle\Java\javapath;C:\Gradle\gradle-8.11\bin;C:\Program Files\Eclipse Adoptium\jdk-21.0.5.11-hotspot\bin;C:\windows\system32;C:\windows;C:\windows\System32\Wbem;C:\windows\System32\WindowsPowerShell\v1.0\;C:\windows\System32\OpenSSH\;C:\Program Files (x86)\NVIDIA Corporation\PhysX\Common;C:\Program Files\NVIDIA Corporation\NVIDIA NvDLISR;C:\Program Files\Microsoft VS Code\bin;C:\Program Files\dotnet\;C:\Program Files\Git\cmd;C:\Users\jslv3\AppData\Local\Programs\Python\Python312\Scripts\;C:\Users\jslv3\AppData\Local\Programs\Python\Python312\;C:\Users\jslv3\AppData\Local\Programs\Python\Launcher\;C:\Users\jslv3\AppData\Local\Microsoft\WindowsApps;C:\Users\jslv3\AppData\Local\gitkraken\bin;C:\Gradle\gradle-8.11\bin;
USERNAME=jslv3
OS=Windows_NT
PROCESSOR_IDENTIFIER=AMD64 Family 25 Model 80 Stepping 0, AuthenticAMD
TMP=C:\Users\jslv3\AppData\Local\Temp
TEMP=C:\Users\jslv3\AppData\Local\Temp



---------------  S Y S T E M  ---------------

OS: Windows 11 , 64 bit Build 22621 (10.0.22621.4391)
OS uptime: 1 days 13:15 hours
Hyper-V role detected

CPU:total 12 (initial active 12) (12 cores per cpu, 2 threads per core) family 25 model 80 stepping 0 microcode 0x0, cmov, cx8, fxsr, mmx, sse, sse2, sse3, ssse3, sse4.1, sse4.2, popcnt, avx, avx2, aes, clmul, erms, mmxext, 3dnowpref, lzcnt, sse4a, ht, tsc, tscinvbit, tscinv, bmi1, bmi2, adx, sha, fma

Memory: 4k page, system-wide physical 7519M (320M free)
TotalPageFile size 31071M (AvailPageFile size 138M)
current process WorkingSet (physical memory assigned to process): 223M, peak: 239M
current process commit charge ("private bytes"): 294M, peak: 311M

vm_info: OpenJDK 64-Bit Server VM (11.0.25+9-LTS) for windows-amd64 JRE (11.0.25+9-LTS), built on Oct 10 2024 00:01:59 by "Administrator" with MS VC++ 16.10 / 16.11 (VS2019)

END.
